SF:C:\Users\ajha1\source\repos\ashishjha1034\WIN.AGDATA.WIN\WIN.AGDATA.WIN.API\Program.cs
FN:18,System.Void Program/<<Main>$>d__0::MoveNext()
FNDA:9,System.Void Program/<<Main>$>d__0::MoveNext()
DA:19,9
DA:24,9
DA:25,9
DA:30,9
DA:35,9
DA:36,9
DA:41,9
DA:42,9
DA:43,9
DA:44,9
DA:45,9
DA:46,9
DA:47,27
DA:48,27
DA:49,28
DA:50,28
DA:51,28
DA:52,28
DA:53,28
DA:54,28
DA:55,28
DA:56,28
DA:57,9
DA:58,9
DA:59,9
DA:60,13
DA:61,13
DA:62,14
DA:63,14
DA:64,14
DA:65,14
DA:66,14
DA:67,14
DA:68,14
DA:69,14
DA:70,9
DA:71,9
DA:72,9
DA:73,35
DA:74,35
DA:75,36
DA:76,36
DA:77,36
DA:78,36
DA:79,36
DA:80,36
DA:81,36
DA:82,36
DA:83,18
DA:88,9
DA:90,9
DA:91,9
DA:93,9
DA:94,9
DA:96,9
DA:97,9
DA:99,9
DA:100,9
DA:101,9
DA:106,9
DA:107,9
DA:108,9
DA:109,9
DA:110,9
DA:111,9
DA:112,9
DA:113,9
DA:114,9
DA:115,9
DA:116,9
DA:117,9
DA:118,9
DA:119,9
DA:120,9
DA:121,9
DA:122,9
DA:123,9
DA:124,9
DA:125,9
DA:126,9
DA:127,9
DA:128,0
DA:129,0
DA:130,0
DA:131,0
DA:132,9
DA:133,14
DA:134,14
DA:135,14
DA:136,14
DA:137,9
DA:138,272
DA:139,272
DA:140,272
DA:141,272
DA:142,272
DA:143,9
DA:144,272
DA:145,216
DA:146,216
DA:147,216
DA:148,9
DA:149,272
DA:150,272
DA:151,9
DA:152,18
DA:157,9
DA:158,9
DA:159,9
DA:160,9
DA:161,9
DA:162,9
DA:163,9
DA:164,18
DA:165,9
DA:166,9
DA:167,18
DA:168,9
DA:169,9
DA:170,18
DA:171,9
DA:172,9
DA:173,9
DA:174,9
DA:175,18
DA:176,18
DA:181,9
DA:182,9
DA:183,9
DA:184,9
DA:185,9
DA:186,9
DA:187,9
DA:188,9
DA:189,9
DA:190,9
DA:191,9
DA:192,9
DA:193,9
DA:194,9
DA:195,9
DA:196,18
DA:197,18
DA:202,9
DA:203,9
DA:204,0
DA:205,0
DA:206,0
DA:207,0
DA:208,0
DA:209,0
DA:210,0
DA:211,9
DA:212,9
DA:213,0
DA:214,0
DA:215,0
DA:216,0
DA:217,0
DA:218,0
DA:219,0
DA:220,0
DA:221,0
DA:222,9
DA:223,0
DA:224,0
DA:225,0
DA:226,0
DA:227,0
DA:228,0
DA:229,0
DA:230,0
DA:231,0
DA:232,0
DA:233,0
DA:234,0
DA:235,0
DA:236,0
DA:237,9
DA:238,0
DA:239,9
DA:244,9
DA:246,9
DA:251,9
DA:252,9
DA:253,9
DA:254,9
DA:255,9
DA:256,9
DA:257,9
DA:262,9
DA:263,0
DA:264,0
DA:265,0
DA:266,0
DA:267,0
DA:268,0
DA:269,0
DA:270,0
DA:271,0
DA:272,0
DA:274,9
DA:275,9
DA:276,9
DA:281,9
DA:282,9
DA:283,9
DA:286,9
DA:288,9
DA:289,9
DA:294,9
DA:299,9
DA:300,0
DA:301,0
DA:302,0
DA:303,0
DA:304,0
DA:305,0
DA:306,9
DA:312,9
DA:313,0
DA:314,0
DA:315,0
DA:316,0
DA:319,0
DA:322,0
DA:323,0
DA:326,0
DA:327,0
DA:328,0
DA:329,0
DA:330,0
DA:331,0
DA:333,0
DA:335,9
DA:336,9
DA:337,9
BRDA:90,237,0,0
BRDA:90,237,1,9
BRDA:93,279,0,0
BRDA:93,279,1,9
BRDA:96,321,0,0
BRDA:96,321,1,9
BRDA:256,756,0,9
BRDA:256,756,1,0
BRDA:262,846,0,0
BRDA:262,846,1,9
BRDA:312,1146,0,0
BRDA:312,1146,1,9
BRDA:47,12,0,18
BRDA:47,12,1,0
BRDA:47,24,0,18
BRDA:47,24,1,18
BRDA:60,12,0,4
BRDA:60,12,1,0
BRDA:60,24,0,4
BRDA:60,24,1,4
BRDA:73,12,0,26
BRDA:73,12,1,0
BRDA:73,24,0,26
BRDA:73,24,1,26
BRDA:139,33,0,56
BRDA:139,33,1,216
BRDA:144,67,0,216
BRDA:144,67,1,272
LF:237
LH:172
BRF:28
BRH:19
FNF:1
FNH:1
end_of_record
SF:C:\Users\ajha1\source\repos\ashishjha1034\WIN.AGDATA.WIN\WIN.AGDATA.WIN.API\Models\ErrorResponse.cs
FN:10,System.String WIN.AGDATA.WIN.API.Models.ErrorResponse::get_Message()
FNDA:27,System.String WIN.AGDATA.WIN.API.Models.ErrorResponse::get_Message()
DA:11,27
FN:15,System.String WIN.AGDATA.WIN.API.Models.ErrorResponse::get_Details()
FNDA:18,System.String WIN.AGDATA.WIN.API.Models.ErrorResponse::get_Details()
DA:16,18
FN:20,System.Collections.Generic.Dictionary`2<System.String,System.String[]> WIN.AGDATA.WIN.API.Models.ErrorResponse::get_Errors()
FNDA:9,System.Collections.Generic.Dictionary`2<System.String,System.String[]> WIN.AGDATA.WIN.API.Models.ErrorResponse::get_Errors()
DA:21,9
FN:25,System.Int32 WIN.AGDATA.WIN.API.Models.ErrorResponse::get_StatusCode()
FNDA:27,System.Int32 WIN.AGDATA.WIN.API.Models.ErrorResponse::get_StatusCode()
DA:26,27
FN:30,System.DateTime WIN.AGDATA.WIN.API.Models.ErrorResponse::get_Timestamp()
FNDA:18,System.DateTime WIN.AGDATA.WIN.API.Models.ErrorResponse::get_Timestamp()
DA:31,18
FN:36,WIN.AGDATA.WIN.API.Models.ErrorResponse WIN.AGDATA.WIN.API.Models.ErrorResponse::FromException(System.Exception,System.Int32)
FNDA:0,WIN.AGDATA.WIN.API.Models.ErrorResponse WIN.AGDATA.WIN.API.Models.ErrorResponse::FromException(System.Exception,System.Int32)
DA:37,0
DA:38,0
DA:39,0
DA:40,0
DA:41,0
DA:42,0
DA:43,0
DA:44,0
DA:45,0
BRDA:38,27,0,0
BRDA:38,27,1,0
FN:50,WIN.AGDATA.WIN.API.Models.ErrorResponse WIN.AGDATA.WIN.API.Models.ErrorResponse::FromValidationErrors(System.Collections.Generic.Dictionary`2<System.String,System.String[]>)
FNDA:0,WIN.AGDATA.WIN.API.Models.ErrorResponse WIN.AGDATA.WIN.API.Models.ErrorResponse::FromValidationErrors(System.Collections.Generic.Dictionary`2<System.String,System.String[]>)
DA:51,0
DA:52,0
DA:53,0
DA:54,0
DA:55,0
DA:56,0
DA:57,0
DA:58,0
DA:59,0
LF:23
LH:5
BRF:2
BRH:0
FNF:7
FNH:5
end_of_record
SF:C:\Users\ajha1\source\repos\ashishjha1034\WIN.AGDATA.WIN\WIN.AGDATA.WIN.API\Middleware\ExceptionHandlingMiddleware.cs
FN:34,System.Threading.Tasks.Task WIN.AGDATA.WIN.API.Middleware.ExceptionHandlingMiddleware::HandleExceptionAsync(Microsoft.AspNetCore.Http.HttpContext,System.Exception)
FNDA:9,System.Threading.Tasks.Task WIN.AGDATA.WIN.API.Middleware.ExceptionHandlingMiddleware::HandleExceptionAsync(Microsoft.AspNetCore.Http.HttpContext,System.Exception)
DA:35,9
DA:36,9
DA:38,9
DA:39,9
DA:40,0
DA:41,0
DA:42,0
DA:43,0
DA:44,0
DA:45,0
DA:46,9
DA:47,9
DA:48,9
DA:49,9
DA:50,9
DA:51,9
DA:52,0
DA:53,0
DA:54,0
DA:55,0
DA:56,0
DA:57,0
DA:58,0
DA:59,0
DA:60,0
DA:61,0
DA:62,0
DA:63,0
DA:64,9
DA:66,9
DA:68,9
DA:69,9
DA:70,9
BRDA:38,28,0,9
BRDA:38,36,0,0
BRDA:38,28,1,0
BRDA:38,36,1,9
BRDA:38,44,1,0
BRDA:38,44,0,0
FN:14,System.Void WIN.AGDATA.WIN.API.Middleware.ExceptionHandlingMiddleware::.ctor(Microsoft.AspNetCore.Http.RequestDelegate,Microsoft.Extensions.Logging.ILogger`1<WIN.AGDATA.WIN.API.Middleware.ExceptionHandlingMiddleware>)
FNDA:9,System.Void WIN.AGDATA.WIN.API.Middleware.ExceptionHandlingMiddleware::.ctor(Microsoft.AspNetCore.Http.RequestDelegate,Microsoft.Extensions.Logging.ILogger`1<WIN.AGDATA.WIN.API.Middleware.ExceptionHandlingMiddleware>)
DA:15,9
DA:16,9
DA:17,9
DA:18,9
DA:19,9
FN:21,System.Void WIN.AGDATA.WIN.API.Middleware.ExceptionHandlingMiddleware/<InvokeAsync>d__3::MoveNext()
FNDA:276,System.Void WIN.AGDATA.WIN.API.Middleware.ExceptionHandlingMiddleware/<InvokeAsync>d__3::MoveNext()
DA:22,276
DA:24,276
DA:25,276
DA:26,267
DA:27,9
DA:28,9
DA:29,9
DA:30,9
DA:31,9
DA:32,276
LF:48
LH:30
BRF:6
BRH:2
FNF:3
FNH:3
end_of_record
SF:C:\Users\ajha1\source\repos\ashishjha1034\WIN.AGDATA.WIN\WIN.AGDATA.WIN.API\Extensions\MinimalApiExtensions.cs
FN:13,Microsoft.AspNetCore.Builder.RouteHandlerBuilder WIN.AGDATA.WIN.API.Extensions.MinimalApiExtensions::WithOpenApi(Microsoft.AspNetCore.Builder.RouteHandlerBuilder,System.String)
FNDA:0,Microsoft.AspNetCore.Builder.RouteHandlerBuilder WIN.AGDATA.WIN.API.Extensions.MinimalApiExtensions::WithOpenApi(Microsoft.AspNetCore.Builder.RouteHandlerBuilder,System.String)
DA:14,0
DA:17,0
DA:18,0
LF:3
LH:0
BRF:0
BRH:0
FNF:1
FNH:0
end_of_record
SF:C:\Users\ajha1\source\repos\ashishjha1034\WIN.AGDATA.WIN\WIN.AGDATA.WIN.API\Extensions\ServiceCollectionExtensions.cs
FN:14,Microsoft.Extensions.DependencyInjection.IServiceCollection WIN.AGDATA.WIN.API.Extensions.ServiceCollectionExtensions::AddApiServices(Microsoft.Extensions.DependencyInjection.IServiceCollection,Microsoft.Extensions.Configuration.IConfiguration)
FNDA:0,Microsoft.Extensions.DependencyInjection.IServiceCollection WIN.AGDATA.WIN.API.Extensions.ServiceCollectionExtensions::AddApiServices(Microsoft.Extensions.DependencyInjection.IServiceCollection,Microsoft.Extensions.Configuration.IConfiguration)
DA:15,0
DA:17,0
DA:18,0
DA:21,0
DA:22,0
DA:23,0
DA:24,0
DA:25,0
DA:26,0
DA:27,0
DA:29,0
DA:31,0
DA:32,0
DA:33,0
DA:34,0
DA:35,0
DA:36,0
DA:37,0
DA:38,0
DA:39,0
DA:40,0
DA:41,0
DA:42,0
DA:43,0
DA:44,0
DA:45,0
DA:46,0
DA:47,0
DA:48,0
DA:49,0
DA:50,0
DA:51,0
DA:52,0
DA:53,0
DA:54,0
DA:55,0
DA:56,0
DA:57,0
DA:58,0
DA:59,0
DA:60,0
DA:63,0
DA:64,0
DA:65,0
DA:66,0
DA:67,0
DA:68,0
DA:69,0
DA:70,0
DA:71,0
DA:72,0
DA:73,0
DA:74,0
DA:75,0
DA:76,0
DA:77,0
DA:80,0
DA:81,0
DA:82,0
DA:83,0
DA:84,0
DA:85,0
DA:86,0
DA:87,0
DA:88,0
DA:89,0
DA:90,0
DA:93,0
DA:94,0
DA:95,0
DA:96,0
DA:97,0
DA:98,0
DA:99,0
DA:100,0
DA:101,0
DA:102,0
DA:103,0
DA:104,0
DA:105,0
DA:106,0
DA:107,0
DA:108,0
DA:109,0
DA:110,0
DA:111,0
DA:112,0
DA:113,0
DA:114,0
DA:115,0
DA:116,0
DA:117,0
DA:118,0
DA:119,0
DA:120,0
DA:122,0
DA:123,0
BRDA:22,63,0,0
BRDA:22,63,1,0
BRDA:24,91,0,0
BRDA:24,91,1,0
BRDA:26,123,0,0
BRDA:26,123,1,0
BRDA:54,17,0,0
BRDA:54,17,1,0
BRDA:82,14,0,0
BRDA:82,14,1,0
BRDA:84,19,0,0
BRDA:84,19,1,0
BRDA:84,37,0,0
BRDA:84,37,1,0
LF:97
LH:0
BRF:14
BRH:0
FNF:1
FNH:0
end_of_record
SF:C:\Users\ajha1\source\repos\ashishjha1034\WIN.AGDATA.WIN\WIN.AGDATA.WIN.API\Controllers\AdminController.cs
FN:860,System.String WIN.AGDATA.WIN.API.Controllers.AdminController::EscapeCsvField(System.String)
FNDA:0,System.String WIN.AGDATA.WIN.API.Controllers.AdminController::EscapeCsvField(System.String)
DA:861,0
DA:862,0
DA:863,0
DA:864,0
DA:865,0
DA:867,0
DA:868,0
BRDA:862,9,0,0
BRDA:862,9,1,0
BRDA:863,27,0,0
BRDA:863,37,0,0
BRDA:863,27,1,0
BRDA:863,37,1,0
BRDA:863,52,0,0
BRDA:863,52,1,0
FN:30,System.Void WIN.AGDATA.WIN.API.Controllers.AdminController::.ctor(MediatR.IMediator,WIN.AGDATA.WIN.APPLICATION.Interfaces.IUserRepository,WIN.AGDATA.WIN.APPLICATION.Interfaces.ITransactionRepository,WIN.AGDATA.WIN.APPLICATION.Interfaces.IRedemptionRepository,WIN.AGDATA.WIN.APPLICATION.Interfaces.IEventRepository,WIN.AGDATA.WIN.APPLICATION.Interfaces.IProductRepository,WIN.AGDATA.WIN.APPLICATION.Interfaces.ICurrentUserService,AutoMapper.IMapper)
FNDA:16,System.Void WIN.AGDATA.WIN.API.Controllers.AdminController::.ctor(MediatR.IMediator,WIN.AGDATA.WIN.APPLICATION.Interfaces.IUserRepository,WIN.AGDATA.WIN.APPLICATION.Interfaces.ITransactionRepository,WIN.AGDATA.WIN.APPLICATION.Interfaces.IRedemptionRepository,WIN.AGDATA.WIN.APPLICATION.Interfaces.IEventRepository,WIN.AGDATA.WIN.APPLICATION.Interfaces.IProductRepository,WIN.AGDATA.WIN.APPLICATION.Interfaces.ICurrentUserService,AutoMapper.IMapper)
DA:31,16
DA:32,16
DA:33,16
DA:34,16
DA:35,16
DA:36,16
DA:37,16
DA:38,16
DA:39,16
DA:40,16
DA:41,16
DA:42,16
DA:43,16
DA:44,16
DA:45,16
DA:46,16
DA:47,16
DA:48,16
DA:49,16
FN:174,<>f__AnonymousType4`8<System.Guid,System.String,System.String,System.String,System.String,System.Boolean,<>f__AnonymousType5`3<System.Decimal,System.Decimal,System.Decimal>,System.Collections.Generic.List`1<System.String>> WIN.AGDATA.WIN.API.Controllers.AdminController/<>c::<GetAllUsers>b__11_0(WIN.AGDATA.WIN.Domain.Entities.Users.User)
FNDA:18,<>f__AnonymousType4`8<System.Guid,System.String,System.String,System.String,System.String,System.Boolean,<>f__AnonymousType5`3<System.Decimal,System.Decimal,System.Decimal>,System.Collections.Generic.List`1<System.String>> WIN.AGDATA.WIN.API.Controllers.AdminController/<>c::<GetAllUsers>b__11_0(WIN.AGDATA.WIN.Domain.Entities.Users.User)
DA:175,18
DA:176,18
DA:177,18
DA:178,18
DA:179,18
DA:180,18
DA:181,18
DA:182,18
DA:183,18
DA:184,18
DA:185,18
DA:186,18
DA:187,18
DA:188,18
DA:189,18
DA:190,18
BRDA:175,116,0,0
BRDA:175,116,1,18
FN:236,System.String WIN.AGDATA.WIN.API.Controllers.AdminController/<>c::<GetUserDetails>b__12_0(WIN.AGDATA.WIN.Domain.Entities.Users.UserRoleAssignment)
FNDA:1,System.String WIN.AGDATA.WIN.API.Controllers.AdminController/<>c::<GetUserDetails>b__12_0(WIN.AGDATA.WIN.Domain.Entities.Users.UserRoleAssignment)
DA:237,1
FN:364,<>f__AnonymousType11`9<System.Guid,System.String,System.String,System.DateTime,WIN.AGDATA.WIN.Domain.Enums.EventStatus,System.String,WIN.AGDATA.WIN.Domain.ValueObjects.Points,System.Int32,System.DateTime> WIN.AGDATA.WIN.API.Controllers.AdminController/<>c::<GetRecentEvents>b__15_0(WIN.AGDATA.WIN.Domain.Entities.Events.Event)
FNDA:0,<>f__AnonymousType11`9<System.Guid,System.String,System.String,System.DateTime,WIN.AGDATA.WIN.Domain.Enums.EventStatus,System.String,WIN.AGDATA.WIN.Domain.ValueObjects.Points,System.Int32,System.DateTime> WIN.AGDATA.WIN.API.Controllers.AdminController/<>c::<GetRecentEvents>b__15_0(WIN.AGDATA.WIN.Domain.Entities.Events.Event)
DA:365,0
DA:366,0
DA:367,0
DA:368,0
DA:369,0
DA:370,0
DA:371,0
DA:372,0
DA:373,0
DA:374,0
DA:375,0
DA:376,0
BRDA:365,49,0,0
BRDA:365,49,1,0
FN:413,<>f__AnonymousType13`8<System.Guid,System.String,System.String,System.String,System.Int32,System.Int32,WIN.AGDATA.WIN.Domain.ValueObjects.Points,System.Boolean> WIN.AGDATA.WIN.API.Controllers.AdminController/<>c::<GetLowStockProducts>b__16_0(WIN.AGDATA.WIN.Domain.Entities.Products.Product)
FNDA:0,<>f__AnonymousType13`8<System.Guid,System.String,System.String,System.String,System.Int32,System.Int32,WIN.AGDATA.WIN.Domain.ValueObjects.Points,System.Boolean> WIN.AGDATA.WIN.API.Controllers.AdminController/<>c::<GetLowStockProducts>b__16_0(WIN.AGDATA.WIN.Domain.Entities.Products.Product)
DA:414,0
DA:415,0
DA:416,0
DA:417,0
DA:418,0
DA:419,0
DA:420,0
DA:421,0
DA:422,0
DA:423,0
DA:424,0
BRDA:414,25,0,0
BRDA:414,25,1,0
BRDA:414,43,0,0
BRDA:414,43,1,0
BRDA:414,61,0,0
BRDA:414,61,1,0
FN:460,<>f__AnonymousType15`6<System.Int32,System.Int32,System.String,System.Decimal,System.Decimal,System.Decimal> WIN.AGDATA.WIN.API.Controllers.AdminController/<>c::<GetPointsChart>b__17_0(System.ValueTuple`4<System.Int32,System.Int32,System.Decimal,System.Decimal>)
FNDA:0,<>f__AnonymousType15`6<System.Int32,System.Int32,System.String,System.Decimal,System.Decimal,System.Decimal> WIN.AGDATA.WIN.API.Controllers.AdminController/<>c::<GetPointsChart>b__17_0(System.ValueTuple`4<System.Int32,System.Int32,System.Decimal,System.Decimal>)
DA:461,0
DA:462,0
DA:463,0
DA:464,0
DA:465,0
DA:466,0
DA:467,0
DA:468,0
DA:469,0
FN:517,<>f__AnonymousType15`6<System.Int32,System.Int32,System.String,System.Decimal,System.Decimal,System.Decimal> WIN.AGDATA.WIN.API.Controllers.AdminController/<>c::<GetFilteredPointsChart>b__18_0(System.ValueTuple`4<System.Int32,System.Int32,System.Decimal,System.Decimal>)
FNDA:0,<>f__AnonymousType15`6<System.Int32,System.Int32,System.String,System.Decimal,System.Decimal,System.Decimal> WIN.AGDATA.WIN.API.Controllers.AdminController/<>c::<GetFilteredPointsChart>b__18_0(System.ValueTuple`4<System.Int32,System.Int32,System.Decimal,System.Decimal>)
DA:518,0
DA:519,0
DA:520,0
DA:521,0
DA:522,0
DA:523,0
DA:524,0
DA:525,0
DA:526,0
FN:594,System.Boolean WIN.AGDATA.WIN.API.Controllers.AdminController/<>c::<GetAllTransactions>b__19_0(WIN.AGDATA.WIN.Domain.Entities.Transactions.UserPointsTransaction)
FNDA:0,System.Boolean WIN.AGDATA.WIN.API.Controllers.AdminController/<>c::<GetAllTransactions>b__19_0(WIN.AGDATA.WIN.Domain.Entities.Transactions.UserPointsTransaction)
DA:595,0
FN:595,System.Guid WIN.AGDATA.WIN.API.Controllers.AdminController/<>c::<GetAllTransactions>b__19_1(WIN.AGDATA.WIN.Domain.Entities.Transactions.UserPointsTransaction)
FNDA:0,System.Guid WIN.AGDATA.WIN.API.Controllers.AdminController/<>c::<GetAllTransactions>b__19_1(WIN.AGDATA.WIN.Domain.Entities.Transactions.UserPointsTransaction)
DA:596,0
FN:814,System.Boolean WIN.AGDATA.WIN.API.Controllers.AdminController/<>c::<ExportTransactions>b__22_0(WIN.AGDATA.WIN.Domain.Entities.Transactions.UserPointsTransaction)
FNDA:0,System.Boolean WIN.AGDATA.WIN.API.Controllers.AdminController/<>c::<ExportTransactions>b__22_0(WIN.AGDATA.WIN.Domain.Entities.Transactions.UserPointsTransaction)
DA:815,0
FN:815,System.Guid WIN.AGDATA.WIN.API.Controllers.AdminController/<>c::<ExportTransactions>b__22_1(WIN.AGDATA.WIN.Domain.Entities.Transactions.UserPointsTransaction)
FNDA:0,System.Guid WIN.AGDATA.WIN.API.Controllers.AdminController/<>c::<ExportTransactions>b__22_1(WIN.AGDATA.WIN.Domain.Entities.Transactions.UserPointsTransaction)
DA:816,0
FN:612,WIN.AGDATA.WIN.APPLICATION.DTOs.Admin.AdminTransactionDto WIN.AGDATA.WIN.API.Controllers.AdminController/<>c__DisplayClass19_0::<GetAllTransactions>b__2(WIN.AGDATA.WIN.Domain.Entities.Transactions.UserPointsTransaction)
FNDA:2,WIN.AGDATA.WIN.APPLICATION.DTOs.Admin.AdminTransactionDto WIN.AGDATA.WIN.API.Controllers.AdminController/<>c__DisplayClass19_0::<GetAllTransactions>b__2(WIN.AGDATA.WIN.Domain.Entities.Transactions.UserPointsTransaction)
DA:613,2
DA:614,2
DA:615,2
DA:616,2
DA:617,2
DA:618,2
DA:619,2
DA:620,2
DA:621,2
DA:622,2
DA:623,2
DA:624,2
DA:625,2
DA:626,2
DA:627,2
DA:628,2
DA:629,2
DA:630,2
DA:631,2
BRDA:613,161,0,0
BRDA:613,161,1,0
BRDA:613,188,0,0
BRDA:613,188,1,0
BRDA:613,244,0,0
BRDA:613,244,1,0
BRDA:613,334,0,0
BRDA:613,334,1,0
BRDA:613,351,0,0
BRDA:613,351,1,0
BRDA:613,373,0,0
BRDA:613,373,1,0
FN:79,System.Void WIN.AGDATA.WIN.API.Controllers.AdminController/<AdjustPoints>d__9::MoveNext()
FNDA:7,System.Void WIN.AGDATA.WIN.API.Controllers.AdminController/<AdjustPoints>d__9::MoveNext()
DA:80,7
DA:81,7
DA:82,0
DA:85,7
DA:86,7
DA:87,7
DA:89,3
DA:90,3
DA:91,3
DA:92,3
DA:93,3
DA:94,3
DA:95,3
DA:97,1
DA:98,1
DA:99,1
DA:101,3
DA:102,3
DA:103,3
DA:104,3
DA:106,7
BRDA:81,36,0,0
BRDA:81,36,1,7
FN:786,System.Void WIN.AGDATA.WIN.API.Controllers.AdminController/<ExportTransactions>d__22::MoveNext()
FNDA:0,System.Void WIN.AGDATA.WIN.API.Controllers.AdminController/<ExportTransactions>d__22::MoveNext()
DA:787,0
DA:789,0
DA:791,0
DA:792,0
DA:793,0
DA:794,0
DA:795,0
DA:796,0
DA:797,0
DA:798,0
DA:801,0
DA:802,0
DA:803,0
DA:804,0
DA:805,0
DA:806,0
DA:807,0
DA:808,0
DA:809,0
DA:810,0
DA:811,0
DA:814,0
DA:817,0
DA:818,0
DA:820,0
DA:821,0
DA:822,0
DA:823,0
DA:824,0
DA:825,0
DA:826,0
DA:827,0
DA:828,0
DA:831,0
DA:832,0
DA:834,0
DA:835,0
DA:836,0
DA:837,0
DA:838,0
DA:840,0
DA:841,0
DA:842,0
DA:845,0
DA:846,0
DA:848,0
DA:849,0
DA:851,0
DA:853,0
DA:854,0
DA:855,0
DA:856,0
DA:858,0
BRDA:792,72,0,0
BRDA:794,100,0,0
BRDA:794,100,1,0
BRDA:792,72,1,0
BRDA:801,212,0,0
BRDA:801,212,1,0
BRDA:821,804,1,0
BRDA:824,696,0,0
BRDA:824,696,1,0
BRDA:821,804,0,0
BRDA:834,1641,1,0
BRDA:836,936,0,0
BRDA:836,936,1,0
BRDA:836,969,0,0
BRDA:836,969,1,0
BRDA:840,1026,0,0
BRDA:840,1026,1,0
BRDA:841,1130,0,0
BRDA:841,1130,1,0
BRDA:841,1147,0,0
BRDA:841,1147,1,0
BRDA:842,1173,0,0
BRDA:842,1173,1,0
BRDA:842,1188,0,0
BRDA:842,1188,1,0
BRDA:834,1641,0,0
FN:553,System.Void WIN.AGDATA.WIN.API.Controllers.AdminController/<GetAllTransactions>d__19::MoveNext()
FNDA:2,System.Void WIN.AGDATA.WIN.API.Controllers.AdminController/<GetAllTransactions>d__19::MoveNext()
DA:554,2
DA:556,2
DA:558,2
DA:559,2
DA:560,2
DA:563,2
DA:564,2
DA:565,0
DA:566,0
DA:567,0
DA:568,0
DA:569,0
DA:570,0
DA:573,2
DA:574,2
DA:575,2
DA:576,2
DA:577,2
DA:578,2
DA:579,2
DA:580,2
DA:581,2
DA:582,2
DA:583,2
DA:586,2
DA:587,2
DA:588,2
DA:589,2
DA:590,2
DA:591,2
DA:594,2
DA:597,2
DA:598,2
DA:600,2
DA:601,6
DA:602,0
DA:603,0
DA:604,0
DA:605,0
DA:606,0
DA:607,0
DA:608,0
DA:610,2
DA:633,2
DA:634,2
DA:635,2
DA:636,2
DA:637,2
DA:638,2
DA:639,2
DA:640,2
DA:641,2
DA:642,2
DA:643,2
DA:644,2
DA:645,2
DA:646,2
DA:647,2
DA:648,2
DA:649,2
DA:650,2
DA:651,2
DA:652,2
DA:653,2
DA:655,2
DA:657,0
DA:658,0
DA:659,0
DA:660,0
DA:662,2
BRDA:558,80,0,0
BRDA:558,80,1,2
BRDA:559,111,0,0
BRDA:559,111,1,2
BRDA:560,146,0,0
BRDA:560,146,1,2
BRDA:564,197,0,0
BRDA:566,227,0,0
BRDA:566,227,1,0
BRDA:564,197,1,2
BRDA:573,355,0,0
BRDA:573,355,1,2
BRDA:601,1219,1,0
BRDA:604,1106,0,0
BRDA:604,1106,1,0
BRDA:601,1219,0,2
FN:163,System.Void WIN.AGDATA.WIN.API.Controllers.AdminController/<GetAllUsers>d__11::MoveNext()
FNDA:4,System.Void WIN.AGDATA.WIN.API.Controllers.AdminController/<GetAllUsers>d__11::MoveNext()
DA:164,4
DA:166,4
DA:167,4
DA:168,4
DA:169,4
DA:171,4
DA:172,4
DA:173,4
DA:174,4
DA:191,4
DA:193,0
DA:194,0
DA:195,0
DA:196,0
DA:198,4
BRDA:167,42,0,4
BRDA:167,42,1,0
FN:495,System.Void WIN.AGDATA.WIN.API.Controllers.AdminController/<GetFilteredPointsChart>d__18::MoveNext()
FNDA:0,System.Void WIN.AGDATA.WIN.API.Controllers.AdminController/<GetFilteredPointsChart>d__18::MoveNext()
DA:496,0
DA:498,0
DA:500,0
DA:501,0
DA:502,0
DA:503,0
DA:504,0
DA:505,0
DA:506,0
DA:507,0
DA:509,0
DA:510,0
DA:511,0
DA:512,0
DA:513,0
DA:514,0
DA:516,0
DA:517,0
DA:527,0
DA:529,0
DA:530,0
DA:531,0
DA:532,0
DA:534,0
BRDA:501,60,0,0
BRDA:503,88,0,0
BRDA:503,88,1,0
BRDA:501,60,1,0
FN:401,System.Void WIN.AGDATA.WIN.API.Controllers.AdminController/<GetLowStockProducts>d__16::MoveNext()
FNDA:0,System.Void WIN.AGDATA.WIN.API.Controllers.AdminController/<GetLowStockProducts>d__16::MoveNext()
DA:402,0
DA:404,0
DA:405,0
DA:406,0
DA:408,0
DA:410,0
DA:411,0
DA:412,0
DA:413,0
DA:425,0
DA:427,0
DA:428,0
DA:429,0
DA:430,0
DA:432,0
BRDA:405,38,0,0
BRDA:405,38,1,0
FN:449,System.Void WIN.AGDATA.WIN.API.Controllers.AdminController/<GetPointsChart>d__17::MoveNext()
FNDA:0,System.Void WIN.AGDATA.WIN.API.Controllers.AdminController/<GetPointsChart>d__17::MoveNext()
DA:450,0
DA:452,0
DA:453,0
DA:454,0
DA:456,0
DA:458,0
DA:459,0
DA:460,0
DA:470,0
DA:472,0
DA:473,0
DA:474,0
DA:475,0
DA:477,0
BRDA:453,31,0,0
BRDA:453,31,1,0
BRDA:453,48,0,0
BRDA:453,48,1,0
FN:353,System.Void WIN.AGDATA.WIN.API.Controllers.AdminController/<GetRecentEvents>d__15::MoveNext()
FNDA:0,System.Void WIN.AGDATA.WIN.API.Controllers.AdminController/<GetRecentEvents>d__15::MoveNext()
DA:354,0
DA:356,0
DA:357,0
DA:358,0
DA:360,0
DA:362,0
DA:363,0
DA:364,0
DA:377,0
DA:379,0
DA:380,0
DA:381,0
DA:382,0
DA:384,0
BRDA:357,31,0,0
BRDA:357,31,1,0
BRDA:357,48,0,0
BRDA:357,48,1,0
FN:122,System.Void WIN.AGDATA.WIN.API.Controllers.AdminController/<GetStats>d__10::MoveNext()
FNDA:1,System.Void WIN.AGDATA.WIN.API.Controllers.AdminController/<GetStats>d__10::MoveNext()
DA:123,1
DA:125,1
DA:126,1
DA:127,1
DA:128,0
DA:129,0
DA:130,0
DA:132,0
DA:133,0
DA:134,0
DA:135,0
DA:136,0
DA:137,0
DA:138,0
DA:140,0
DA:142,1
DA:143,1
DA:144,1
DA:145,1
DA:147,1
FN:681,System.Void WIN.AGDATA.WIN.API.Controllers.AdminController/<GetTransactionDetails>d__20::MoveNext()
FNDA:0,System.Void WIN.AGDATA.WIN.API.Controllers.AdminController/<GetTransactionDetails>d__20::MoveNext()
DA:682,0
DA:684,0
DA:685,0
DA:686,0
DA:687,0
DA:690,0
DA:691,0
DA:692,0
DA:693,0
DA:694,0
DA:695,0
DA:696,0
DA:697,0
DA:698,0
DA:700,0
DA:701,0
DA:702,0
DA:703,0
DA:704,0
DA:705,0
DA:706,0
DA:707,0
DA:708,0
DA:709,0
DA:710,0
DA:711,0
DA:712,0
DA:713,0
DA:714,0
DA:715,0
DA:716,0
DA:718,0
DA:720,0
DA:721,0
DA:722,0
DA:723,0
DA:725,0
BRDA:686,185,0,0
BRDA:686,185,1,0
BRDA:691,250,0,0
BRDA:694,422,0,0
BRDA:694,422,1,0
BRDA:691,250,1,0
BRDA:700,743,0,0
BRDA:700,743,1,0
BRDA:700,848,0,0
BRDA:700,848,1,0
BRDA:700,865,0,0
BRDA:700,865,1,0
BRDA:700,892,0,0
BRDA:700,892,1,0
FN:745,System.Void WIN.AGDATA.WIN.API.Controllers.AdminController/<GetTransactionSummary>d__21::MoveNext()
FNDA:0,System.Void WIN.AGDATA.WIN.API.Controllers.AdminController/<GetTransactionSummary>d__21::MoveNext()
DA:746,0
DA:748,0
DA:749,0
DA:750,0
DA:751,0
DA:753,0
DA:754,0
DA:755,0
DA:756,0
DA:757,0
DA:758,0
DA:759,0
DA:760,0
DA:762,0
DA:764,0
DA:765,0
DA:766,0
DA:767,0
DA:769,0
FN:217,System.Void WIN.AGDATA.WIN.API.Controllers.AdminController/<GetUserDetails>d__12::MoveNext()
FNDA:2,System.Void WIN.AGDATA.WIN.API.Controllers.AdminController/<GetUserDetails>d__12::MoveNext()
DA:218,2
DA:220,2
DA:221,2
DA:222,2
DA:223,1
DA:225,1
DA:227,1
DA:228,1
DA:229,1
DA:230,1
DA:231,1
DA:232,1
DA:233,1
DA:234,1
DA:235,1
DA:236,1
DA:238,1
DA:239,1
DA:240,1
DA:241,1
DA:242,1
DA:243,1
DA:244,1
DA:245,1
DA:246,1
DA:248,0
DA:249,0
DA:250,0
DA:251,0
DA:253,2
BRDA:222,185,0,1
BRDA:222,185,1,1
BRDA:227,457,0,0
BRDA:227,457,1,1
FN:267,System.Void WIN.AGDATA.WIN.API.Controllers.AdminController/<InviteUser>d__13::MoveNext()
FNDA:0,System.Void WIN.AGDATA.WIN.API.Controllers.AdminController/<InviteUser>d__13::MoveNext()
DA:268,0
DA:269,0
DA:270,0
DA:273,0
DA:274,0
DA:275,0
DA:276,0
DA:277,0
DA:278,0
DA:279,0
DA:280,0
DA:281,0
DA:283,0
DA:285,0
DA:287,0
DA:288,0
DA:289,0
DA:291,0
DA:292,0
DA:293,0
DA:294,0
DA:296,0
BRDA:269,36,0,0
BRDA:269,36,1,0
BRDA:274,140,0,0
BRDA:274,140,1,0
FN:311,System.Void WIN.AGDATA.WIN.API.Controllers.AdminController/<ResetUserPassword>d__14::MoveNext()
FNDA:0,System.Void WIN.AGDATA.WIN.API.Controllers.AdminController/<ResetUserPassword>d__14::MoveNext()
DA:312,0
DA:313,0
DA:314,0
DA:317,0
DA:318,0
DA:319,0
DA:321,0
DA:322,0
DA:323,0
DA:324,0
DA:325,0
DA:327,0
DA:328,0
DA:329,0
DA:331,0
DA:332,0
DA:333,0
DA:334,0
DA:336,0
BRDA:313,36,0,0
BRDA:313,36,1,0
LF:480
LH:174
BRF:114
BRH:12
FNF:27
FNH:9
end_of_record
SF:C:\Users\ajha1\source\repos\ashishjha1034\WIN.AGDATA.WIN\WIN.AGDATA.WIN.API\Controllers\AdminRedemptionsController.cs
FN:30,System.Void WIN.AGDATA.WIN.API.Controllers.AdminRedemptionsController::.ctor(WIN.AGDATA.WIN.APPLICATION.Interfaces.IRedemptionRepository,WIN.AGDATA.WIN.APPLICATION.Interfaces.IUserRepository,WIN.AGDATA.WIN.APPLICATION.Interfaces.IProductRepository,WIN.AGDATA.WIN.APPLICATION.Interfaces.ITransactionRepository,AutoMapper.IMapper,WIN.AGDATA.WIN.APPLICATION.Interfaces.ICurrentUserService,WIN.AGDATA.WIN.APPLICATION.Interfaces.IUnitOfWork)
FNDA:17,System.Void WIN.AGDATA.WIN.API.Controllers.AdminRedemptionsController::.ctor(WIN.AGDATA.WIN.APPLICATION.Interfaces.IRedemptionRepository,WIN.AGDATA.WIN.APPLICATION.Interfaces.IUserRepository,WIN.AGDATA.WIN.APPLICATION.Interfaces.IProductRepository,WIN.AGDATA.WIN.APPLICATION.Interfaces.ITransactionRepository,AutoMapper.IMapper,WIN.AGDATA.WIN.APPLICATION.Interfaces.ICurrentUserService,WIN.AGDATA.WIN.APPLICATION.Interfaces.IUnitOfWork)
DA:31,17
DA:32,17
DA:33,17
DA:34,17
DA:35,17
DA:36,17
DA:37,17
DA:38,17
DA:39,17
DA:40,17
DA:41,17
DA:42,17
DA:43,17
DA:44,17
DA:45,17
DA:46,17
DA:47,17
FN:82,System.Boolean WIN.AGDATA.WIN.API.Controllers.AdminRedemptionsController/<>c::<GetAllRedemptions>b__8_1(WIN.AGDATA.WIN.Domain.Entities.Redemptions.Redemption)
FNDA:0,System.Boolean WIN.AGDATA.WIN.API.Controllers.AdminRedemptionsController/<>c::<GetAllRedemptions>b__8_1(WIN.AGDATA.WIN.Domain.Entities.Redemptions.Redemption)
DA:83,0
FN:83,System.Boolean WIN.AGDATA.WIN.API.Controllers.AdminRedemptionsController/<>c::<GetAllRedemptions>b__8_2(WIN.AGDATA.WIN.Domain.Entities.Redemptions.Redemption)
FNDA:0,System.Boolean WIN.AGDATA.WIN.API.Controllers.AdminRedemptionsController/<>c::<GetAllRedemptions>b__8_2(WIN.AGDATA.WIN.Domain.Entities.Redemptions.Redemption)
DA:84,0
FN:84,System.Boolean WIN.AGDATA.WIN.API.Controllers.AdminRedemptionsController/<>c::<GetAllRedemptions>b__8_3(WIN.AGDATA.WIN.Domain.Entities.Redemptions.Redemption)
FNDA:0,System.Boolean WIN.AGDATA.WIN.API.Controllers.AdminRedemptionsController/<>c::<GetAllRedemptions>b__8_3(WIN.AGDATA.WIN.Domain.Entities.Redemptions.Redemption)
DA:85,0
FN:85,System.Boolean WIN.AGDATA.WIN.API.Controllers.AdminRedemptionsController/<>c::<GetAllRedemptions>b__8_4(WIN.AGDATA.WIN.Domain.Entities.Redemptions.Redemption)
FNDA:0,System.Boolean WIN.AGDATA.WIN.API.Controllers.AdminRedemptionsController/<>c::<GetAllRedemptions>b__8_4(WIN.AGDATA.WIN.Domain.Entities.Redemptions.Redemption)
DA:86,0
FN:86,System.Boolean WIN.AGDATA.WIN.API.Controllers.AdminRedemptionsController/<>c::<GetAllRedemptions>b__8_5(WIN.AGDATA.WIN.Domain.Entities.Redemptions.Redemption)
FNDA:0,System.Boolean WIN.AGDATA.WIN.API.Controllers.AdminRedemptionsController/<>c::<GetAllRedemptions>b__8_5(WIN.AGDATA.WIN.Domain.Entities.Redemptions.Redemption)
DA:87,0
FN:73,System.Boolean WIN.AGDATA.WIN.API.Controllers.AdminRedemptionsController/<>c__DisplayClass8_0::<GetAllRedemptions>b__0(WIN.AGDATA.WIN.Domain.Entities.Redemptions.Redemption)
FNDA:0,System.Boolean WIN.AGDATA.WIN.API.Controllers.AdminRedemptionsController/<>c__DisplayClass8_0::<GetAllRedemptions>b__0(WIN.AGDATA.WIN.Domain.Entities.Redemptions.Redemption)
DA:74,0
FN:173,System.Void WIN.AGDATA.WIN.API.Controllers.AdminRedemptionsController/<ApproveRedemption>d__10::MoveNext()
FNDA:4,System.Void WIN.AGDATA.WIN.API.Controllers.AdminRedemptionsController/<ApproveRedemption>d__10::MoveNext()
DA:174,4
DA:176,4
DA:177,4
DA:179,4
DA:180,4
DA:182,0
DA:185,0
DA:187,0
DA:188,0
DA:190,0
DA:191,0
DA:192,0
DA:193,0
DA:194,0
DA:195,0
DA:196,0
DA:198,0
DA:199,0
DA:200,0
DA:202,0
DA:203,0
DA:204,0
DA:205,0
DA:207,4
BRDA:179,199,0,4
BRDA:179,199,1,0
BRDA:185,269,0,0
BRDA:185,269,1,0
FN:65,System.Void WIN.AGDATA.WIN.API.Controllers.AdminRedemptionsController/<GetAllRedemptions>d__8::MoveNext()
FNDA:4,System.Void WIN.AGDATA.WIN.API.Controllers.AdminRedemptionsController/<GetAllRedemptions>d__8::MoveNext()
DA:66,4
DA:68,4
DA:70,4
DA:73,4
DA:75,4
DA:78,4
DA:81,4
DA:82,4
DA:88,4
DA:90,4
DA:91,4
DA:92,4
DA:93,4
DA:94,4
DA:96,4
DA:98,0
DA:99,0
DA:100,0
DA:101,0
DA:103,4
BRDA:73,199,0,3
BRDA:73,199,1,1
FN:125,System.Void WIN.AGDATA.WIN.API.Controllers.AdminRedemptionsController/<GetRedemptionDetails>d__9::MoveNext()
FNDA:2,System.Void WIN.AGDATA.WIN.API.Controllers.AdminRedemptionsController/<GetRedemptionDetails>d__9::MoveNext()
DA:126,2
DA:128,2
DA:129,2
DA:131,2
DA:132,2
DA:134,0
DA:135,0
DA:137,0
DA:138,0
DA:139,0
DA:140,0
DA:142,2
BRDA:131,173,0,2
BRDA:131,173,1,0
FN:340,System.Void WIN.AGDATA.WIN.API.Controllers.AdminRedemptionsController/<MarkAsDelivered>d__12::MoveNext()
FNDA:3,System.Void WIN.AGDATA.WIN.API.Controllers.AdminRedemptionsController/<MarkAsDelivered>d__12::MoveNext()
DA:341,3
DA:343,3
DA:344,3
DA:346,3
DA:347,3
DA:349,0
DA:352,0
DA:354,0
DA:355,0
DA:357,0
DA:358,0
DA:359,0
DA:360,0
DA:361,0
DA:362,0
DA:363,0
DA:365,0
DA:366,0
DA:367,0
DA:369,0
DA:370,0
DA:371,0
DA:372,0
DA:374,3
BRDA:346,199,0,3
BRDA:346,199,1,0
BRDA:352,269,0,0
BRDA:352,269,1,0
FN:237,System.Void WIN.AGDATA.WIN.API.Controllers.AdminRedemptionsController/<RejectRedemption>d__11::MoveNext()
FNDA:4,System.Void WIN.AGDATA.WIN.API.Controllers.AdminRedemptionsController/<RejectRedemption>d__11::MoveNext()
DA:238,4
DA:240,4
DA:241,4
DA:242,1
DA:244,3
DA:246,3
DA:247,3
DA:249,0
DA:252,0
DA:253,0
DA:254,0
DA:257,0
DA:258,0
DA:259,0
DA:262,0
DA:265,0
DA:268,0
DA:269,0
DA:270,0
DA:271,0
DA:272,0
DA:273,0
DA:274,0
DA:275,0
DA:276,0
DA:277,0
DA:280,0
DA:283,0
DA:284,0
DA:285,0
DA:288,0
DA:290,0
DA:291,0
DA:292,0
DA:293,0
DA:294,0
DA:295,0
DA:296,0
DA:297,0
DA:298,0
DA:300,0
DA:301,0
DA:302,0
DA:304,0
DA:305,0
DA:306,0
DA:307,0
DA:309,4
BRDA:241,107,0,1
BRDA:241,107,1,3
BRDA:246,286,0,3
BRDA:246,286,1,0
BRDA:253,495,0,0
BRDA:253,495,1,0
BRDA:258,682,0,0
BRDA:258,682,1,0
LF:151
LH:59
BRF:20
BRH:8
FNF:12
FNH:6
end_of_record
SF:C:\Users\ajha1\source\repos\ashishjha1034\WIN.AGDATA.WIN\WIN.AGDATA.WIN.API\Controllers\AuthController.cs
FN:208,Microsoft.AspNetCore.Mvc.ActionResult WIN.AGDATA.WIN.API.Controllers.AuthController::ValidateToken()
FNDA:1,Microsoft.AspNetCore.Mvc.ActionResult WIN.AGDATA.WIN.API.Controllers.AuthController::ValidateToken()
DA:209,1
DA:210,1
DA:211,1
BRDA:210,24,0,0
BRDA:210,24,1,1
FN:265,Microsoft.AspNetCore.Mvc.ActionResult WIN.AGDATA.WIN.API.Controllers.AuthController::Logout()
FNDA:1,Microsoft.AspNetCore.Mvc.ActionResult WIN.AGDATA.WIN.API.Controllers.AuthController::Logout()
DA:266,1
DA:268,1
DA:271,1
DA:273,0
DA:274,0
DA:275,0
DA:276,0
DA:278,1
FN:20,System.Void WIN.AGDATA.WIN.API.Controllers.AuthController::.ctor(MediatR.IMediator,WIN.AGDATA.WIN.APPLICATION.Interfaces.IJwtTokenService,WIN.AGDATA.WIN.APPLICATION.Interfaces.IUserRepository,WIN.AGDATA.WIN.APPLICATION.Interfaces.IPasswordResetTokenRepository,WIN.AGDATA.WIN.APPLICATION.Interfaces.IUnitOfWork)
FNDA:34,System.Void WIN.AGDATA.WIN.API.Controllers.AuthController::.ctor(MediatR.IMediator,WIN.AGDATA.WIN.APPLICATION.Interfaces.IJwtTokenService,WIN.AGDATA.WIN.APPLICATION.Interfaces.IUserRepository,WIN.AGDATA.WIN.APPLICATION.Interfaces.IPasswordResetTokenRepository,WIN.AGDATA.WIN.APPLICATION.Interfaces.IUnitOfWork)
DA:21,34
DA:22,34
DA:23,34
DA:24,34
DA:25,34
DA:26,34
DA:27,34
DA:28,34
DA:29,34
DA:30,34
DA:31,34
DA:32,34
DA:33,34
FN:153,System.String WIN.AGDATA.WIN.API.Controllers.AuthController/<>c::<Login>b__7_0(WIN.AGDATA.WIN.Domain.Entities.Users.UserRoleAssignment)
FNDA:1,System.String WIN.AGDATA.WIN.API.Controllers.AuthController/<>c::<Login>b__7_0(WIN.AGDATA.WIN.Domain.Entities.Users.UserRoleAssignment)
DA:154,1
FN:192,System.String WIN.AGDATA.WIN.API.Controllers.AuthController/<>c::<GetProfile>b__8_0(WIN.AGDATA.WIN.Domain.Entities.Users.UserRoleAssignment)
FNDA:1,System.String WIN.AGDATA.WIN.API.Controllers.AuthController/<>c::<GetProfile>b__8_0(WIN.AGDATA.WIN.Domain.Entities.Users.UserRoleAssignment)
DA:193,1
FN:285,System.Void WIN.AGDATA.WIN.API.Controllers.AuthController/<ChangePassword>d__12::MoveNext()
FNDA:1,System.Void WIN.AGDATA.WIN.API.Controllers.AuthController/<ChangePassword>d__12::MoveNext()
DA:286,1
DA:287,1
DA:288,0
DA:291,1
DA:292,1
DA:294,1
DA:295,0
DA:297,1
DA:298,1
DA:300,1
DA:302,0
DA:303,0
DA:304,0
DA:306,0
DA:307,0
DA:308,0
DA:309,0
DA:311,1
BRDA:287,36,0,0
BRDA:287,36,1,1
BRDA:292,101,0,0
BRDA:292,101,1,1
BRDA:294,128,0,1
BRDA:294,128,1,0
BRDA:294,155,0,0
BRDA:294,155,1,1
FN:319,System.Void WIN.AGDATA.WIN.API.Controllers.AuthController/<ForgotPassword>d__13::MoveNext()
FNDA:2,System.Void WIN.AGDATA.WIN.API.Controllers.AuthController/<ForgotPassword>d__13::MoveNext()
DA:320,2
DA:321,2
DA:322,0
DA:325,2
DA:326,2
DA:327,2
DA:330,2
DA:332,0
DA:333,0
DA:334,0
DA:335,0
DA:337,2
BRDA:321,36,0,0
BRDA:321,36,1,2
FN:171,System.Void WIN.AGDATA.WIN.API.Controllers.AuthController/<GetProfile>d__8::MoveNext()
FNDA:1,System.Void WIN.AGDATA.WIN.API.Controllers.AuthController/<GetProfile>d__8::MoveNext()
DA:172,1
DA:174,1
DA:175,1
DA:177,1
DA:178,0
DA:180,1
DA:182,1
DA:183,0
DA:185,1
DA:186,1
DA:187,1
DA:188,1
DA:189,1
DA:190,1
DA:191,1
DA:192,1
DA:194,1
DA:196,0
DA:197,0
DA:198,0
DA:199,0
DA:201,1
BRDA:175,50,0,0
BRDA:175,50,1,1
BRDA:177,77,0,1
BRDA:177,77,1,0
BRDA:177,104,0,0
BRDA:177,104,1,1
BRDA:182,288,0,0
BRDA:182,288,1,1
BRDA:185,426,0,0
BRDA:185,426,1,1
FN:75,System.Void WIN.AGDATA.WIN.API.Controllers.AuthController/<Login>d__7::MoveNext()
FNDA:3,System.Void WIN.AGDATA.WIN.API.Controllers.AuthController/<Login>d__7::MoveNext()
DA:76,3
DA:77,3
DA:78,0
DA:81,3
DA:82,3
DA:87,3
DA:88,0
DA:91,3
DA:92,0
DA:93,0
DA:96,0
DA:97,0
DA:98,0
DA:99,0
DA:100,0
DA:101,0
DA:102,0
DA:105,3
DA:107,3
DA:108,1
DA:110,1
DA:111,1
DA:112,1
DA:115,1
DA:116,0
DA:117,0
DA:118,0
DA:119,0
DA:120,0
DA:121,0
DA:122,0
DA:123,0
DA:124,0
DA:127,1
DA:131,2
DA:132,2
DA:133,2
DA:135,2
DA:136,1
DA:138,1
DA:139,1
DA:141,1
DA:142,1
DA:143,1
DA:144,1
DA:145,1
DA:146,1
DA:147,1
DA:148,1
DA:149,1
DA:150,1
DA:151,1
DA:152,1
DA:153,1
DA:155,1
DA:156,1
DA:158,0
DA:159,0
DA:160,0
DA:161,0
DA:164,3
BRDA:77,37,0,0
BRDA:77,37,1,3
BRDA:87,274,0,0
BRDA:87,274,1,3
BRDA:91,318,0,0
BRDA:96,350,0,0
BRDA:96,350,1,0
BRDA:91,318,1,3
BRDA:107,470,0,1
BRDA:115,739,0,0
BRDA:118,771,0,0
BRDA:118,771,1,0
BRDA:115,739,1,1
BRDA:107,470,1,2
BRDA:135,1143,0,1
BRDA:135,1143,1,1
BRDA:141,1343,0,0
BRDA:141,1343,1,1
FN:218,System.Void WIN.AGDATA.WIN.API.Controllers.AuthController/<RefreshToken>d__10::MoveNext()
FNDA:3,System.Void WIN.AGDATA.WIN.API.Controllers.AuthController/<RefreshToken>d__10::MoveNext()
DA:219,3
DA:220,3
DA:221,1
DA:223,2
DA:224,1
DA:227,1
DA:228,1
DA:230,1
DA:231,0
DA:233,1
DA:235,1
DA:236,0
DA:238,1
DA:240,1
DA:241,0
DA:243,1
DA:244,1
DA:246,1
DA:247,1
DA:248,1
DA:249,1
DA:250,1
DA:251,1
DA:253,0
DA:254,0
DA:255,0
DA:256,0
DA:258,3
BRDA:220,33,0,1
BRDA:220,33,1,2
BRDA:223,80,0,1
BRDA:223,80,1,1
BRDA:230,167,0,0
BRDA:230,167,1,1
BRDA:233,214,0,0
BRDA:233,214,1,1
BRDA:235,241,0,1
BRDA:235,241,1,0
BRDA:235,270,0,0
BRDA:235,270,1,1
BRDA:240,445,0,1
BRDA:240,445,1,0
BRDA:240,468,0,0
BRDA:240,468,1,1
FN:40,System.Void WIN.AGDATA.WIN.API.Controllers.AuthController/<Register>d__6::MoveNext()
FNDA:0,System.Void WIN.AGDATA.WIN.API.Controllers.AuthController/<Register>d__6::MoveNext()
DA:41,0
DA:42,0
DA:43,0
DA:46,0
DA:47,0
DA:48,0
DA:49,0
DA:50,0
DA:51,0
DA:52,0
DA:54,0
DA:56,0
DA:58,0
DA:59,0
DA:60,0
DA:62,0
DA:63,0
DA:64,0
DA:65,0
DA:67,0
BRDA:42,36,0,0
BRDA:42,36,1,0
FN:344,System.Void WIN.AGDATA.WIN.API.Controllers.AuthController/<ResetPassword>d__14::MoveNext()
FNDA:1,System.Void WIN.AGDATA.WIN.API.Controllers.AuthController/<ResetPassword>d__14::MoveNext()
DA:345,1
DA:346,1
DA:347,0
DA:350,1
DA:351,1
DA:352,1
DA:354,0
DA:356,1
DA:357,1
DA:358,1
DA:360,0
DA:361,0
DA:362,0
DA:363,0
DA:365,1
BRDA:346,36,0,0
BRDA:346,36,1,1
LF:202
LH:121
BRF:60
BRH:31
FNF:12
FNH:11
end_of_record
SF:C:\Users\ajha1\source\repos\ashishjha1034\WIN.AGDATA.WIN\WIN.AGDATA.WIN.API\Controllers\EventController.cs
FN:27,System.Void WIN.AGDATA.WIN.API.Controllers.EventController::.ctor(WIN.AGDATA.WIN.APPLICATION.Interfaces.IEventRepository,MediatR.IMediator,AutoMapper.IMapper,WIN.AGDATA.WIN.APPLICATION.Interfaces.ICurrentUserService)
FNDA:36,System.Void WIN.AGDATA.WIN.API.Controllers.EventController::.ctor(WIN.AGDATA.WIN.APPLICATION.Interfaces.IEventRepository,MediatR.IMediator,AutoMapper.IMapper,WIN.AGDATA.WIN.APPLICATION.Interfaces.ICurrentUserService)
DA:28,36
DA:29,36
DA:30,36
DA:31,36
DA:32,36
DA:33,36
DA:34,36
DA:35,36
DA:36,36
DA:37,36
DA:38,36
FN:182,WIN.AGDATA.WIN.APPLICATION.DTOs.Events.EventParticipantDto WIN.AGDATA.WIN.API.Controllers.EventController/<>c::<GetEventParticipants>b__7_0(WIN.AGDATA.WIN.Domain.Entities.Events.EventParticipant)
FNDA:1,WIN.AGDATA.WIN.APPLICATION.DTOs.Events.EventParticipantDto WIN.AGDATA.WIN.API.Controllers.EventController/<>c::<GetEventParticipants>b__7_0(WIN.AGDATA.WIN.Domain.Entities.Events.EventParticipant)
DA:183,1
DA:184,1
DA:185,1
DA:186,1
DA:187,1
DA:188,1
DA:189,1
DA:190,1
DA:191,1
DA:192,1
DA:193,1
DA:194,1
DA:195,1
DA:196,1
DA:197,1
BRDA:183,38,0,0
BRDA:183,38,1,0
BRDA:183,128,0,0
BRDA:183,128,1,0
BRDA:183,140,0,0
BRDA:183,140,1,0
BRDA:183,152,0,0
BRDA:183,152,1,0
BRDA:183,174,0,0
BRDA:183,174,1,0
BRDA:183,187,0,0
BRDA:183,187,1,0
FN:249,System.Boolean WIN.AGDATA.WIN.API.Controllers.EventController/<>c::<GetEventAwards>b__8_0(WIN.AGDATA.WIN.Domain.Entities.Events.EventParticipant)
FNDA:0,System.Boolean WIN.AGDATA.WIN.API.Controllers.EventController/<>c::<GetEventAwards>b__8_0(WIN.AGDATA.WIN.Domain.Entities.Events.EventParticipant)
DA:250,0
FN:250,System.Int32 WIN.AGDATA.WIN.API.Controllers.EventController/<>c::<GetEventAwards>b__8_1(WIN.AGDATA.WIN.Domain.Entities.Events.EventParticipant)
FNDA:0,System.Int32 WIN.AGDATA.WIN.API.Controllers.EventController/<>c::<GetEventAwards>b__8_1(WIN.AGDATA.WIN.Domain.Entities.Events.EventParticipant)
DA:251,0
FN:251,WIN.AGDATA.WIN.Domain.ValueObjects.Points WIN.AGDATA.WIN.API.Controllers.EventController/<>c::<GetEventAwards>b__8_2(WIN.AGDATA.WIN.Domain.Entities.Events.EventParticipant)
FNDA:0,WIN.AGDATA.WIN.Domain.ValueObjects.Points WIN.AGDATA.WIN.API.Controllers.EventController/<>c::<GetEventAwards>b__8_2(WIN.AGDATA.WIN.Domain.Entities.Events.EventParticipant)
DA:252,0
FN:252,<>f__AnonymousType28`5<System.Guid,System.String,WIN.AGDATA.WIN.Domain.ValueObjects.Points,System.Nullable`1<System.Int32>,System.Nullable`1<System.DateTime>> WIN.AGDATA.WIN.API.Controllers.EventController/<>c::<GetEventAwards>b__8_3(WIN.AGDATA.WIN.Domain.Entities.Events.EventParticipant)
FNDA:0,<>f__AnonymousType28`5<System.Guid,System.String,WIN.AGDATA.WIN.Domain.ValueObjects.Points,System.Nullable`1<System.Int32>,System.Nullable`1<System.DateTime>> WIN.AGDATA.WIN.API.Controllers.EventController/<>c::<GetEventAwards>b__8_3(WIN.AGDATA.WIN.Domain.Entities.Events.EventParticipant)
DA:253,0
DA:254,0
DA:255,0
DA:256,0
DA:257,0
DA:258,0
DA:259,0
DA:260,0
BRDA:253,12,0,0
BRDA:253,12,1,0
FN:966,WIN.AGDATA.WIN.APPLICATION.Commands.Events.ParticipantAward WIN.AGDATA.WIN.API.Controllers.EventController/<>c::<BulkAwardPoints>b__20_0(WIN.AGDATA.WIN.APPLICATION.DTOs.Events.BulkAwardItem)
FNDA:2,WIN.AGDATA.WIN.APPLICATION.Commands.Events.ParticipantAward WIN.AGDATA.WIN.API.Controllers.EventController/<>c::<BulkAwardPoints>b__20_0(WIN.AGDATA.WIN.APPLICATION.DTOs.Events.BulkAwardItem)
DA:967,2
FN:1038,System.Boolean WIN.AGDATA.WIN.API.Controllers.EventController/<>c::<GetPoolStatus>b__21_0(WIN.AGDATA.WIN.Domain.Entities.Events.EventParticipant)
FNDA:1,System.Boolean WIN.AGDATA.WIN.API.Controllers.EventController/<>c::<GetPoolStatus>b__21_0(WIN.AGDATA.WIN.Domain.Entities.Events.EventParticipant)
DA:1039,1
FN:749,System.Boolean WIN.AGDATA.WIN.API.Controllers.EventController/<>c__DisplayClass17_0::<UpdateParticipantStatus>b__0(WIN.AGDATA.WIN.Domain.Entities.Events.EventParticipant)
FNDA:0,System.Boolean WIN.AGDATA.WIN.API.Controllers.EventController/<>c__DisplayClass17_0::<UpdateParticipantStatus>b__0(WIN.AGDATA.WIN.Domain.Entities.Events.EventParticipant)
DA:750,0
FN:823,System.Boolean WIN.AGDATA.WIN.API.Controllers.EventController/<>c__DisplayClass18_0::<RemoveParticipant>b__0(WIN.AGDATA.WIN.Domain.Entities.Events.EventParticipant)
FNDA:0,System.Boolean WIN.AGDATA.WIN.API.Controllers.EventController/<>c__DisplayClass18_0::<RemoveParticipant>b__0(WIN.AGDATA.WIN.Domain.Entities.Events.EventParticipant)
DA:824,0
FN:524,System.Void WIN.AGDATA.WIN.API.Controllers.EventController/<ActivateEvent>d__12::MoveNext()
FNDA:1,System.Void WIN.AGDATA.WIN.API.Controllers.EventController/<ActivateEvent>d__12::MoveNext()
DA:525,1
DA:527,1
DA:528,1
DA:529,1
DA:531,1
DA:533,0
DA:534,0
DA:535,0
DA:537,0
DA:538,0
DA:539,0
DA:540,0
DA:542,1
FN:883,System.Void WIN.AGDATA.WIN.API.Controllers.EventController/<AwardPoints>d__19::MoveNext()
FNDA:2,System.Void WIN.AGDATA.WIN.API.Controllers.EventController/<AwardPoints>d__19::MoveNext()
DA:884,2
DA:885,2
DA:886,0
DA:889,2
DA:890,2
DA:891,2
DA:893,0
DA:894,0
DA:895,0
DA:896,0
DA:897,0
DA:898,0
DA:899,0
DA:900,0
DA:902,0
DA:903,0
DA:904,0
DA:906,2
DA:907,2
DA:908,2
DA:910,0
DA:911,0
DA:912,0
DA:913,0
DA:915,2
BRDA:885,36,0,0
BRDA:885,36,1,2
FN:690,System.Void WIN.AGDATA.WIN.API.Controllers.EventController/<BatchCheckInParticipants>d__16::MoveNext()
FNDA:2,System.Void WIN.AGDATA.WIN.API.Controllers.EventController/<BatchCheckInParticipants>d__16::MoveNext()
DA:691,2
DA:693,2
DA:694,2
DA:695,2
DA:697,2
DA:698,2
DA:699,2
DA:700,2
DA:701,2
DA:702,2
DA:703,2
DA:704,2
DA:705,2
DA:707,0
DA:708,0
DA:709,0
DA:711,0
DA:712,0
DA:713,0
DA:714,0
DA:716,2
FN:959,System.Void WIN.AGDATA.WIN.API.Controllers.EventController/<BulkAwardPoints>d__20::MoveNext()
FNDA:2,System.Void WIN.AGDATA.WIN.API.Controllers.EventController/<BulkAwardPoints>d__20::MoveNext()
DA:960,2
DA:961,2
DA:962,0
DA:965,2
DA:966,2
DA:968,2
DA:970,2
DA:971,2
DA:972,2
DA:973,2
DA:974,2
DA:975,2
DA:976,2
DA:977,2
DA:979,0
DA:980,0
DA:981,0
DA:982,0
DA:983,0
DA:984,0
DA:985,0
DA:986,0
DA:987,0
DA:988,0
DA:989,0
DA:991,2
DA:992,2
DA:993,2
DA:995,0
DA:996,0
DA:997,0
DA:999,0
DA:1000,0
DA:1001,0
DA:1002,0
DA:1003,0
DA:1004,0
DA:1005,0
DA:1007,0
DA:1008,0
DA:1009,0
DA:1010,0
DA:1012,2
BRDA:961,36,0,0
BRDA:961,36,1,2
BRDA:979,417,0,0
BRDA:979,417,1,0
FN:605,System.Void WIN.AGDATA.WIN.API.Controllers.EventController/<CancelEvent>d__14::MoveNext()
FNDA:1,System.Void WIN.AGDATA.WIN.API.Controllers.EventController/<CancelEvent>d__14::MoveNext()
DA:606,1
DA:608,1
DA:609,1
DA:610,1
DA:612,1
DA:614,0
DA:615,0
DA:616,0
DA:618,0
DA:619,0
DA:620,0
DA:621,0
DA:623,1
FN:648,System.Void WIN.AGDATA.WIN.API.Controllers.EventController/<CheckInParticipant>d__15::MoveNext()
FNDA:1,System.Void WIN.AGDATA.WIN.API.Controllers.EventController/<CheckInParticipant>d__15::MoveNext()
DA:649,1
DA:651,1
DA:652,1
DA:653,1
DA:655,0
DA:657,1
DA:658,1
DA:659,1
DA:661,0
DA:662,0
DA:663,0
DA:664,0
DA:666,1
FN:565,System.Void WIN.AGDATA.WIN.API.Controllers.EventController/<CompleteEvent>d__13::MoveNext()
FNDA:2,System.Void WIN.AGDATA.WIN.API.Controllers.EventController/<CompleteEvent>d__13::MoveNext()
DA:566,2
DA:568,2
DA:569,2
DA:570,2
DA:572,0
DA:574,2
DA:575,2
DA:576,2
DA:578,0
DA:579,0
DA:580,0
DA:581,0
DA:583,2
FN:314,System.Void WIN.AGDATA.WIN.API.Controllers.EventController/<CreateEvent>d__9::MoveNext()
FNDA:3,System.Void WIN.AGDATA.WIN.API.Controllers.EventController/<CreateEvent>d__9::MoveNext()
DA:315,3
DA:316,3
DA:317,0
DA:320,3
DA:321,3
DA:322,3
DA:323,3
DA:324,3
DA:325,3
DA:326,3
DA:327,3
DA:328,3
DA:329,3
DA:330,3
DA:332,3
DA:333,3
DA:335,0
DA:336,0
DA:338,0
DA:339,0
DA:340,0
DA:341,0
DA:342,0
DA:343,0
DA:344,0
DA:345,0
DA:347,0
DA:348,0
DA:349,0
DA:351,0
DA:352,0
DA:353,0
DA:354,0
DA:356,3
BRDA:316,36,0,0
BRDA:316,36,1,3
FN:122,System.Void WIN.AGDATA.WIN.API.Controllers.EventController/<GetEvent>d__6::MoveNext()
FNDA:2,System.Void WIN.AGDATA.WIN.API.Controllers.EventController/<GetEvent>d__6::MoveNext()
DA:123,2
DA:125,2
DA:126,2
DA:128,2
DA:129,1
DA:132,1
DA:133,1
DA:134,0
DA:136,0
DA:137,0
DA:138,0
DA:139,0
DA:140,0
DA:141,0
DA:142,0
DA:143,0
DA:145,1
DA:146,1
DA:147,1
DA:148,1
DA:149,1
DA:151,0
DA:152,0
DA:153,0
DA:154,0
DA:156,2
BRDA:128,185,0,1
BRDA:128,185,1,1
BRDA:133,246,0,0
BRDA:133,246,1,1
FN:233,System.Void WIN.AGDATA.WIN.API.Controllers.EventController/<GetEventAwards>d__8::MoveNext()
FNDA:2,System.Void WIN.AGDATA.WIN.API.Controllers.EventController/<GetEventAwards>d__8::MoveNext()
DA:234,2
DA:236,2
DA:237,2
DA:239,2
DA:240,0
DA:243,2
DA:244,1
DA:245,1
DA:249,1
DA:261,1
DA:263,1
DA:264,1
DA:265,1
DA:266,1
DA:267,1
DA:268,1
DA:269,1
DA:270,1
DA:271,1
DA:272,1
DA:274,0
DA:275,0
DA:276,0
DA:277,0
DA:279,2
BRDA:239,173,0,0
BRDA:239,173,1,2
BRDA:243,220,0,1
BRDA:243,220,1,1
BRDA:243,246,0,1
BRDA:243,246,1,1
FN:174,System.Void WIN.AGDATA.WIN.API.Controllers.EventController/<GetEventParticipants>d__7::MoveNext()
FNDA:1,System.Void WIN.AGDATA.WIN.API.Controllers.EventController/<GetEventParticipants>d__7::MoveNext()
DA:175,1
DA:177,1
DA:178,1
DA:180,1
DA:181,0
DA:199,1
DA:200,1
DA:201,1
DA:202,1
DA:203,1
DA:204,1
DA:205,1
DA:207,0
DA:208,0
DA:209,0
DA:210,0
DA:212,1
BRDA:180,173,0,0
BRDA:180,173,1,1
FN:58,System.Void WIN.AGDATA.WIN.API.Controllers.EventController/<GetEvents>d__5::MoveNext()
FNDA:1,System.Void WIN.AGDATA.WIN.API.Controllers.EventController/<GetEvents>d__5::MoveNext()
DA:59,1
DA:61,1
DA:62,1
DA:63,1
DA:66,1
DA:67,15
DA:68,6
DA:69,6
DA:70,0
DA:71,6
DA:74,1
DA:75,0
DA:77,0
DA:78,0
DA:79,0
DA:80,0
DA:81,0
DA:84,0
DA:85,0
DA:86,0
DA:88,1
DA:89,1
DA:90,1
DA:91,1
DA:92,1
DA:94,0
DA:95,0
DA:96,0
DA:97,0
DA:99,1
BRDA:67,271,1,6
BRDA:69,243,0,0
BRDA:69,243,1,6
BRDA:67,271,0,1
BRDA:74,317,0,0
BRDA:74,317,1,1
FN:1084,System.Void WIN.AGDATA.WIN.API.Controllers.EventController/<GetMyEvents>d__22::MoveNext()
FNDA:1,System.Void WIN.AGDATA.WIN.API.Controllers.EventController/<GetMyEvents>d__22::MoveNext()
DA:1085,1
DA:1087,1
DA:1088,1
DA:1089,1
DA:1091,1
DA:1092,1
DA:1093,1
DA:1094,1
DA:1095,1
DA:1097,0
DA:1098,0
DA:1099,0
DA:1100,0
DA:1102,1
FN:1030,System.Void WIN.AGDATA.WIN.API.Controllers.EventController/<GetPoolStatus>d__21::MoveNext()
FNDA:1,System.Void WIN.AGDATA.WIN.API.Controllers.EventController/<GetPoolStatus>d__21::MoveNext()
DA:1031,1
DA:1033,1
DA:1034,1
DA:1036,1
DA:1037,0
DA:1040,1
DA:1042,1
DA:1043,1
DA:1044,1
DA:1045,1
DA:1046,1
DA:1047,1
DA:1048,1
DA:1049,1
DA:1050,1
DA:1051,1
DA:1052,1
DA:1053,1
DA:1054,1
DA:1055,1
DA:1056,1
DA:1057,1
DA:1058,1
DA:1059,1
DA:1060,1
DA:1062,0
DA:1063,0
DA:1064,0
DA:1065,0
DA:1067,1
BRDA:1036,173,0,0
BRDA:1036,173,1,1
FN:470,System.Void WIN.AGDATA.WIN.API.Controllers.EventController/<RegisterForEvent>d__11::MoveNext()
FNDA:4,System.Void WIN.AGDATA.WIN.API.Controllers.EventController/<RegisterForEvent>d__11::MoveNext()
DA:471,4
DA:473,4
DA:474,4
DA:476,4
DA:477,4
DA:479,1
DA:481,1
DA:482,1
DA:483,1
DA:484,1
DA:485,1
DA:486,1
DA:487,1
DA:489,2
DA:490,2
DA:491,2
DA:492,2
DA:493,2
DA:494,2
DA:495,2
DA:496,2
DA:497,2
DA:499,4
BRDA:483,273,0,1
BRDA:483,273,1,0
BRDA:491,353,0,2
BRDA:491,353,1,0
FN:813,System.Void WIN.AGDATA.WIN.API.Controllers.EventController/<RemoveParticipant>d__18::MoveNext()
FNDA:0,System.Void WIN.AGDATA.WIN.API.Controllers.EventController/<RemoveParticipant>d__18::MoveNext()
DA:814,0
DA:816,0
DA:817,0
DA:818,0
DA:819,0
DA:821,0
DA:822,0
DA:825,0
DA:826,0
DA:829,0
DA:830,0
DA:833,0
DA:834,0
DA:835,0
DA:837,0
DA:839,0
DA:840,0
DA:841,0
DA:842,0
DA:844,0
BRDA:818,213,0,0
BRDA:818,213,1,0
BRDA:821,288,0,0
BRDA:821,288,1,0
BRDA:825,375,0,0
BRDA:825,375,1,0
BRDA:829,451,0,0
BRDA:829,451,1,0
FN:397,System.Void WIN.AGDATA.WIN.API.Controllers.EventController/<UpdateEvent>d__10::MoveNext()
FNDA:2,System.Void WIN.AGDATA.WIN.API.Controllers.EventController/<UpdateEvent>d__10::MoveNext()
DA:398,2
DA:399,2
DA:400,0
DA:403,2
DA:404,2
DA:405,2
DA:406,2
DA:407,2
DA:408,2
DA:409,2
DA:410,2
DA:411,2
DA:412,2
DA:413,2
DA:414,2
DA:416,2
DA:417,1
DA:419,0
DA:420,0
DA:422,0
DA:423,0
DA:424,0
DA:425,0
DA:426,0
DA:427,0
DA:428,0
DA:429,0
DA:431,1
DA:432,1
DA:434,1
DA:435,0
DA:438,1
DA:440,0
DA:441,0
DA:442,0
DA:443,0
DA:445,2
BRDA:399,36,0,0
BRDA:399,36,1,2
BRDA:434,573,0,0
BRDA:434,573,1,1
FN:742,System.Void WIN.AGDATA.WIN.API.Controllers.EventController/<UpdateParticipantStatus>d__17::MoveNext()
FNDA:0,System.Void WIN.AGDATA.WIN.API.Controllers.EventController/<UpdateParticipantStatus>d__17::MoveNext()
DA:743,0
DA:745,0
DA:746,0
DA:747,0
DA:748,0
DA:751,0
DA:752,0
DA:755,0
DA:756,0
DA:759,0
DA:760,0
DA:761,0
DA:762,0
DA:764,0
DA:765,0
DA:766,0
DA:767,0
DA:770,0
DA:773,0
DA:775,0
DA:776,0
DA:777,0
DA:778,0
DA:779,0
DA:780,0
DA:782,0
DA:783,0
DA:784,0
DA:785,0
DA:787,0
BRDA:747,213,0,0
BRDA:747,213,1,0
BRDA:751,300,0,0
BRDA:751,300,1,0
BRDA:755,376,0,0
BRDA:755,376,1,0
BRDA:759,434,0,0
BRDA:759,434,1,0
BRDA:759,455,0,0
BRDA:759,469,0,0
BRDA:759,469,1,0
BRDA:759,455,1,0
BRDA:759,497,0,0
BRDA:761,540,0,0
BRDA:761,540,1,0
BRDA:759,497,1,0
BRDA:766,628,0,0
BRDA:766,628,1,0
BRDA:766,653,0,0
BRDA:766,653,1,0
LF:468
LH:252
BRF:78
BRH:21
FNF:28
FNH:20
end_of_record
SF:C:\Users\ajha1\source\repos\ashishjha1034\WIN.AGDATA.WIN\WIN.AGDATA.WIN.API\Controllers\ProductsController.cs
FN:28,System.Void WIN.AGDATA.WIN.API.Controllers.ProductsController::.ctor(WIN.AGDATA.WIN.APPLICATION.Interfaces.IProductRepository,WIN.AGDATA.WIN.APPLICATION.Interfaces.IRedemptionRepository,MediatR.IMediator,AutoMapper.IMapper,WIN.AGDATA.WIN.APPLICATION.Interfaces.IUnitOfWork)
FNDA:36,System.Void WIN.AGDATA.WIN.API.Controllers.ProductsController::.ctor(WIN.AGDATA.WIN.APPLICATION.Interfaces.IProductRepository,WIN.AGDATA.WIN.APPLICATION.Interfaces.IRedemptionRepository,MediatR.IMediator,AutoMapper.IMapper,WIN.AGDATA.WIN.APPLICATION.Interfaces.IUnitOfWork)
DA:29,36
DA:30,36
DA:31,36
DA:32,36
DA:33,36
DA:34,36
DA:35,36
DA:36,36
DA:37,36
DA:38,36
DA:39,36
DA:40,36
DA:41,36
FN:109,System.Boolean WIN.AGDATA.WIN.API.Controllers.ProductsController/<>c::<GetProductRedemptionCounts>b__7_0(WIN.AGDATA.WIN.Domain.Entities.Redemptions.Redemption)
FNDA:0,System.Boolean WIN.AGDATA.WIN.API.Controllers.ProductsController/<>c::<GetProductRedemptionCounts>b__7_0(WIN.AGDATA.WIN.Domain.Entities.Redemptions.Redemption)
DA:110,0
BRDA:110,6,0,0
BRDA:110,6,1,0
FN:110,System.Guid WIN.AGDATA.WIN.API.Controllers.ProductsController/<>c::<GetProductRedemptionCounts>b__7_1(WIN.AGDATA.WIN.Domain.Entities.Redemptions.Redemption)
FNDA:0,System.Guid WIN.AGDATA.WIN.API.Controllers.ProductsController/<>c::<GetProductRedemptionCounts>b__7_1(WIN.AGDATA.WIN.Domain.Entities.Redemptions.Redemption)
DA:111,0
FN:111,System.String WIN.AGDATA.WIN.API.Controllers.ProductsController/<>c::<GetProductRedemptionCounts>b__7_2(System.Linq.IGrouping`2<System.Guid,WIN.AGDATA.WIN.Domain.Entities.Redemptions.Redemption>)
FNDA:1,System.String WIN.AGDATA.WIN.API.Controllers.ProductsController/<>c::<GetProductRedemptionCounts>b__7_2(System.Linq.IGrouping`2<System.Guid,WIN.AGDATA.WIN.Domain.Entities.Redemptions.Redemption>)
DA:112,1
FN:552,System.Void WIN.AGDATA.WIN.API.Controllers.ProductsController/<ActivateProduct>d__16::MoveNext()
FNDA:1,System.Void WIN.AGDATA.WIN.API.Controllers.ProductsController/<ActivateProduct>d__16::MoveNext()
DA:553,1
DA:555,1
DA:556,1
DA:557,1
DA:559,1
DA:561,0
DA:562,0
DA:563,0
DA:565,0
DA:566,0
DA:567,0
DA:568,0
DA:570,1
FN:375,System.Void WIN.AGDATA.WIN.API.Controllers.ProductsController/<AdjustStock>d__13::MoveNext()
FNDA:6,System.Void WIN.AGDATA.WIN.API.Controllers.ProductsController/<AdjustStock>d__13::MoveNext()
DA:376,6
DA:377,6
DA:378,0
DA:381,6
DA:382,6
DA:383,6
DA:384,0
DA:386,6
DA:389,6
DA:390,1
DA:391,1
DA:392,1
DA:393,5
DA:394,2
DA:395,2
DA:396,2
DA:399,6
DA:400,6
DA:401,6
DA:403,6
DA:404,6
DA:405,6
DA:406,6
DA:407,6
DA:408,6
DA:409,6
DA:410,6
DA:412,0
DA:413,0
DA:414,0
DA:415,0
DA:417,6
BRDA:377,37,0,0
BRDA:377,37,1,6
BRDA:383,251,0,0
BRDA:383,251,1,6
BRDA:389,309,0,0
BRDA:389,309,1,6
BRDA:389,334,0,1
BRDA:389,334,1,5
BRDA:393,375,0,0
BRDA:393,375,1,5
BRDA:393,400,0,2
BRDA:393,400,1,6
BRDA:403,725,0,0
BRDA:403,725,1,6
FN:437,System.Void WIN.AGDATA.WIN.API.Controllers.ProductsController/<CreateCategory>d__14::MoveNext()
FNDA:1,System.Void WIN.AGDATA.WIN.API.Controllers.ProductsController/<CreateCategory>d__14::MoveNext()
DA:438,1
DA:439,1
DA:440,0
DA:443,1
DA:444,1
DA:445,1
DA:447,1
DA:449,0
DA:450,0
DA:451,0
DA:453,0
DA:454,0
DA:455,0
DA:456,0
DA:458,1
BRDA:439,36,0,0
BRDA:439,36,1,1
FN:267,System.Void WIN.AGDATA.WIN.API.Controllers.ProductsController/<CreateProduct>d__11::MoveNext()
FNDA:3,System.Void WIN.AGDATA.WIN.API.Controllers.ProductsController/<CreateProduct>d__11::MoveNext()
DA:268,3
DA:269,3
DA:270,0
DA:273,3
DA:274,3
DA:275,3
DA:276,3
DA:277,3
DA:278,3
DA:279,3
DA:280,3
DA:281,3
DA:283,3
DA:284,3
DA:286,0
DA:287,0
DA:288,0
DA:289,0
DA:291,3
BRDA:269,36,0,0
BRDA:269,36,1,3
FN:498,System.Void WIN.AGDATA.WIN.API.Controllers.ProductsController/<DeactivateProduct>d__15::MoveNext()
FNDA:3,System.Void WIN.AGDATA.WIN.API.Controllers.ProductsController/<DeactivateProduct>d__15::MoveNext()
DA:499,3
DA:501,3
DA:502,3
DA:503,3
DA:505,2
DA:506,1
DA:507,1
DA:510,1
DA:511,0
DA:512,0
DA:515,1
DA:516,1
DA:517,1
DA:520,0
DA:521,0
DA:523,1
DA:524,1
DA:525,1
DA:527,0
DA:528,0
DA:529,0
DA:530,0
DA:532,3
BRDA:502,38,0,0
BRDA:502,38,1,3
BRDA:505,220,0,1
BRDA:505,220,1,1
BRDA:510,271,0,0
BRDA:510,271,1,1
BRDA:515,317,0,1
BRDA:515,317,1,0
FN:590,System.Void WIN.AGDATA.WIN.API.Controllers.ProductsController/<DeleteProduct>d__17::MoveNext()
FNDA:2,System.Void WIN.AGDATA.WIN.API.Controllers.ProductsController/<DeleteProduct>d__17::MoveNext()
DA:591,2
DA:593,2
DA:594,2
DA:595,2
DA:597,1
DA:599,1
DA:600,1
DA:601,1
DA:603,0
DA:604,0
DA:605,0
DA:606,0
DA:608,2
FN:138,System.Void WIN.AGDATA.WIN.API.Controllers.ProductsController/<GetAllProductsAdmin>d__8::MoveNext()
FNDA:1,System.Void WIN.AGDATA.WIN.API.Controllers.ProductsController/<GetAllProductsAdmin>d__8::MoveNext()
DA:139,1
DA:141,1
DA:142,1
DA:143,1
DA:145,1
DA:146,1
DA:147,1
DA:148,1
DA:149,1
DA:151,0
DA:152,0
DA:153,0
DA:154,0
DA:156,1
FN:218,System.Void WIN.AGDATA.WIN.API.Controllers.ProductsController/<GetCategories>d__10::MoveNext()
FNDA:1,System.Void WIN.AGDATA.WIN.API.Controllers.ProductsController/<GetCategories>d__10::MoveNext()
DA:219,1
DA:221,1
DA:222,1
DA:224,1
DA:225,1
DA:226,1
DA:227,1
DA:228,1
DA:230,0
DA:231,0
DA:232,0
DA:233,0
DA:235,1
FN:174,System.Void WIN.AGDATA.WIN.API.Controllers.ProductsController/<GetProduct>d__9::MoveNext()
FNDA:4,System.Void WIN.AGDATA.WIN.API.Controllers.ProductsController/<GetProduct>d__9::MoveNext()
DA:175,4
DA:177,4
DA:182,4
DA:183,4
DA:184,1
DA:185,1
DA:186,1
DA:188,3
DA:189,3
DA:190,3
DA:192,4
DA:193,2
DA:195,2
DA:196,2
DA:198,0
DA:199,0
DA:200,0
DA:201,0
DA:203,4
BRDA:183,71,0,1
BRDA:183,71,1,3
BRDA:192,375,0,2
BRDA:192,375,1,2
FN:102,System.Void WIN.AGDATA.WIN.API.Controllers.ProductsController/<GetProductRedemptionCounts>d__7::MoveNext()
FNDA:1,System.Void WIN.AGDATA.WIN.API.Controllers.ProductsController/<GetProductRedemptionCounts>d__7::MoveNext()
DA:103,1
DA:105,1
DA:106,1
DA:109,1
DA:114,1
DA:116,0
DA:117,0
DA:118,0
DA:119,0
DA:121,1
FN:58,System.Void WIN.AGDATA.WIN.API.Controllers.ProductsController/<GetProducts>d__6::MoveNext()
FNDA:2,System.Void WIN.AGDATA.WIN.API.Controllers.ProductsController/<GetProducts>d__6::MoveNext()
DA:59,2
DA:61,2
DA:64,2
DA:65,1
DA:66,1
DA:67,1
DA:68,1
DA:70,1
DA:71,1
DA:72,1
DA:73,1
DA:75,2
DA:76,2
DA:77,2
DA:78,2
DA:79,2
DA:80,2
DA:82,0
DA:83,0
DA:84,0
DA:85,0
DA:87,2
BRDA:64,49,0,1
BRDA:64,49,1,1
FN:314,System.Void WIN.AGDATA.WIN.API.Controllers.ProductsController/<UpdateProduct>d__12::MoveNext()
FNDA:2,System.Void WIN.AGDATA.WIN.API.Controllers.ProductsController/<UpdateProduct>d__12::MoveNext()
DA:315,2
DA:316,2
DA:317,0
DA:320,2
DA:322,2
DA:323,2
DA:324,1
DA:328,1
DA:329,1
DA:330,1
DA:331,1
DA:332,1
DA:333,1
DA:336,1
DA:339,1
DA:341,1
DA:343,0
DA:344,0
DA:345,0
DA:346,0
DA:348,0
DA:349,0
DA:350,0
DA:351,0
DA:353,2
BRDA:316,37,0,0
BRDA:316,37,1,2
BRDA:323,237,0,1
BRDA:323,237,1,1
BRDA:328,283,0,0
BRDA:328,283,1,1
BRDA:329,336,0,0
BRDA:329,336,1,1
BRDA:330,393,0,1
BRDA:330,393,1,0
BRDA:331,441,0,1
BRDA:331,441,1,0
BRDA:332,503,0,1
BRDA:332,516,0,0
BRDA:332,516,1,1
BRDA:332,503,1,0
LF:234
LH:165
BRF:50
BRH:31
FNF:16
FNH:14
end_of_record
SF:C:\Users\ajha1\source\repos\ashishjha1034\WIN.AGDATA.WIN\WIN.AGDATA.WIN.API\Controllers\RedemptionsController.cs
FN:25,System.Void WIN.AGDATA.WIN.API.Controllers.RedemptionsController::.ctor(MediatR.IMediator,WIN.AGDATA.WIN.APPLICATION.Interfaces.IRedemptionRepository,WIN.AGDATA.WIN.APPLICATION.Interfaces.ICurrentUserService,AutoMapper.IMapper)
FNDA:15,System.Void WIN.AGDATA.WIN.API.Controllers.RedemptionsController::.ctor(MediatR.IMediator,WIN.AGDATA.WIN.APPLICATION.Interfaces.IRedemptionRepository,WIN.AGDATA.WIN.APPLICATION.Interfaces.ICurrentUserService,AutoMapper.IMapper)
DA:26,15
DA:27,15
DA:28,15
DA:29,15
DA:30,15
DA:31,15
DA:32,15
DA:33,15
DA:34,15
DA:35,15
DA:36,15
FN:63,System.Void WIN.AGDATA.WIN.API.Controllers.RedemptionsController/<CreateRedemption>d__5::MoveNext()
FNDA:9,System.Void WIN.AGDATA.WIN.API.Controllers.RedemptionsController/<CreateRedemption>d__5::MoveNext()
DA:64,9
DA:65,9
DA:66,0
DA:69,9
DA:70,9
DA:71,9
DA:72,9
DA:74,1
DA:76,0
DA:77,0
DA:78,0
DA:80,8
DA:81,8
DA:82,8
DA:83,8
DA:84,8
DA:85,8
DA:86,8
DA:87,8
DA:88,8
DA:89,8
DA:92,8
DA:93,8
DA:94,0
DA:95,0
DA:96,0
DA:98,8
DA:100,9
BRDA:65,36,0,0
BRDA:65,36,1,9
BRDA:82,429,0,8
BRDA:82,429,1,0
BRDA:93,545,0,0
BRDA:93,545,1,8
FN:154,System.Void WIN.AGDATA.WIN.API.Controllers.RedemptionsController/<GetMyRedemptions>d__7::MoveNext()
FNDA:2,System.Void WIN.AGDATA.WIN.API.Controllers.RedemptionsController/<GetMyRedemptions>d__7::MoveNext()
DA:155,2
DA:157,2
DA:158,2
DA:159,2
DA:161,2
DA:162,2
DA:163,2
DA:164,2
DA:165,2
DA:167,0
DA:168,0
DA:169,0
DA:170,0
DA:172,2
FN:227,System.Void WIN.AGDATA.WIN.API.Controllers.RedemptionsController/<GetPendingProductIds>d__9::MoveNext()
FNDA:0,System.Void WIN.AGDATA.WIN.API.Controllers.RedemptionsController/<GetPendingProductIds>d__9::MoveNext()
DA:228,0
DA:230,0
DA:231,0
DA:232,0
DA:234,0
DA:235,0
DA:236,0
DA:237,0
DA:238,0
DA:240,0
DA:241,0
DA:242,0
DA:243,0
DA:245,0
FN:119,System.Void WIN.AGDATA.WIN.API.Controllers.RedemptionsController/<GetRedemption>d__6::MoveNext()
FNDA:4,System.Void WIN.AGDATA.WIN.API.Controllers.RedemptionsController/<GetRedemption>d__6::MoveNext()
DA:120,4
DA:122,4
DA:123,4
DA:125,4
DA:126,4
DA:128,0
DA:129,0
DA:131,0
DA:132,0
DA:134,0
DA:136,0
DA:137,0
DA:138,0
DA:139,0
DA:141,4
BRDA:125,173,0,4
BRDA:125,173,1,0
BRDA:131,268,0,0
BRDA:131,268,1,0
BRDA:131,286,0,0
BRDA:131,286,1,0
FN:189,System.Void WIN.AGDATA.WIN.API.Controllers.RedemptionsController/<GetRedemptionsByUser>d__8::MoveNext()
FNDA:0,System.Void WIN.AGDATA.WIN.API.Controllers.RedemptionsController/<GetRedemptionsByUser>d__8::MoveNext()
DA:190,0
DA:192,0
DA:193,0
DA:194,0
DA:196,0
DA:197,0
DA:199,0
DA:201,0
DA:202,0
DA:203,0
DA:204,0
DA:205,0
DA:206,0
DA:208,0
DA:209,0
DA:210,0
DA:211,0
DA:213,0
BRDA:196,88,0,0
BRDA:196,88,1,0
BRDA:196,104,0,0
BRDA:196,104,1,0
LF:100
LH:48
BRF:16
BRH:4
FNF:6
FNH:4
end_of_record
SF:C:\Users\ajha1\source\repos\ashishjha1034\WIN.AGDATA.WIN\WIN.AGDATA.WIN.API\Controllers\TransactionController.cs
FN:20,System.Void WIN.AGDATA.WIN.API.Controllers.TransactionController::.ctor(WIN.AGDATA.WIN.APPLICATION.Interfaces.ITransactionRepository,WIN.AGDATA.WIN.APPLICATION.Interfaces.IUserRepository,WIN.AGDATA.WIN.APPLICATION.Interfaces.IEventRepository,AutoMapper.IMapper,WIN.AGDATA.WIN.APPLICATION.Interfaces.ICurrentUserService)
FNDA:9,System.Void WIN.AGDATA.WIN.API.Controllers.TransactionController::.ctor(WIN.AGDATA.WIN.APPLICATION.Interfaces.ITransactionRepository,WIN.AGDATA.WIN.APPLICATION.Interfaces.IUserRepository,WIN.AGDATA.WIN.APPLICATION.Interfaces.IEventRepository,AutoMapper.IMapper,WIN.AGDATA.WIN.APPLICATION.Interfaces.ICurrentUserService)
DA:21,9
DA:22,9
DA:23,9
DA:24,9
DA:25,9
DA:26,9
DA:27,9
DA:28,9
DA:29,9
DA:30,9
DA:31,9
DA:32,9
DA:33,9
FN:98,System.Void WIN.AGDATA.WIN.API.Controllers.TransactionController/<GetMyTransactions>d__7::MoveNext()
FNDA:9,System.Void WIN.AGDATA.WIN.API.Controllers.TransactionController/<GetMyTransactions>d__7::MoveNext()
DA:99,9
DA:101,9
DA:102,9
DA:105,10
DA:106,9
DA:107,10
DA:109,9
DA:110,9
DA:112,9
DA:114,9
DA:116,9
DA:117,9
DA:118,9
DA:119,9
DA:120,9
DA:121,9
DA:122,9
DA:123,9
DA:124,9
DA:125,9
DA:126,9
DA:127,9
DA:128,9
DA:130,0
DA:131,0
DA:132,0
DA:133,0
DA:135,9
BRDA:105,60,0,1
BRDA:105,60,1,9
BRDA:106,80,0,0
BRDA:106,80,1,9
BRDA:107,104,0,1
BRDA:107,104,1,9
FN:141,System.Void WIN.AGDATA.WIN.API.Controllers.TransactionController/<GetStatistics>d__8::MoveNext()
FNDA:0,System.Void WIN.AGDATA.WIN.API.Controllers.TransactionController/<GetStatistics>d__8::MoveNext()
DA:142,0
DA:144,0
DA:145,0
DA:146,0
DA:148,0
DA:149,0
DA:151,0
DA:152,0
DA:155,0
DA:156,0
DA:157,0
DA:159,0
DA:160,0
DA:161,0
DA:162,0
DA:163,0
DA:164,0
DA:165,0
DA:166,0
DA:167,0
DA:168,0
DA:169,0
DA:170,0
DA:171,0
DA:172,0
DA:173,0
DA:175,0
DA:176,0
DA:177,0
DA:178,0
DA:180,0
BRDA:148,221,0,0
BRDA:148,221,1,0
FN:42,System.Void WIN.AGDATA.WIN.API.Controllers.TransactionController/<GetUserTransactions>d__6::MoveNext()
FNDA:0,System.Void WIN.AGDATA.WIN.API.Controllers.TransactionController/<GetUserTransactions>d__6::MoveNext()
DA:43,0
DA:45,0
DA:47,0
DA:48,0
DA:50,0
DA:51,0
DA:54,0
DA:55,0
DA:56,0
DA:59,0
DA:60,0
DA:61,0
DA:64,0
DA:65,0
DA:67,0
DA:69,0
DA:71,0
DA:72,0
DA:73,0
DA:74,0
DA:75,0
DA:76,0
DA:77,0
DA:78,0
DA:79,0
DA:80,0
DA:81,0
DA:82,0
DA:83,0
DA:85,0
DA:86,0
DA:87,0
DA:88,0
DA:90,0
BRDA:50,100,0,0
BRDA:50,100,1,0
BRDA:50,116,0,0
BRDA:50,116,1,0
BRDA:54,160,0,0
BRDA:54,160,1,0
BRDA:55,182,0,0
BRDA:55,182,1,0
BRDA:56,206,0,0
BRDA:56,206,1,0
BRDA:60,369,0,0
BRDA:60,369,1,0
LF:106
LH:37
BRF:20
BRH:5
FNF:4
FNH:2
end_of_record
SF:C:\Users\ajha1\source\repos\ashishjha1034\WIN.AGDATA.WIN\WIN.AGDATA.WIN.API\Controllers\UsersController.cs
FN:28,System.Void WIN.AGDATA.WIN.API.Controllers.UsersController::.ctor(WIN.AGDATA.WIN.APPLICATION.Interfaces.IUserRepository,WIN.AGDATA.WIN.APPLICATION.Interfaces.ICurrentUserService,WIN.AGDATA.WIN.APPLICATION.Interfaces.IUnitOfWork,WIN.AGDATA.WIN.APPLICATION.Interfaces.ITransactionRepository,AutoMapper.IMapper,MediatR.IMediator)
FNDA:42,System.Void WIN.AGDATA.WIN.API.Controllers.UsersController::.ctor(WIN.AGDATA.WIN.APPLICATION.Interfaces.IUserRepository,WIN.AGDATA.WIN.APPLICATION.Interfaces.ICurrentUserService,WIN.AGDATA.WIN.APPLICATION.Interfaces.IUnitOfWork,WIN.AGDATA.WIN.APPLICATION.Interfaces.ITransactionRepository,AutoMapper.IMapper,MediatR.IMediator)
DA:29,42
DA:30,42
DA:31,42
DA:32,42
DA:33,42
DA:34,42
DA:35,42
DA:36,42
DA:37,42
DA:38,42
DA:39,42
DA:40,42
DA:41,42
DA:42,42
DA:43,42
FN:76,System.String WIN.AGDATA.WIN.API.Controllers.UsersController/<>c::<GetCurrentUser>b__7_0(WIN.AGDATA.WIN.Domain.Entities.Users.UserRoleAssignment)
FNDA:1,System.String WIN.AGDATA.WIN.API.Controllers.UsersController/<>c::<GetCurrentUser>b__7_0(WIN.AGDATA.WIN.Domain.Entities.Users.UserRoleAssignment)
DA:77,1
FN:127,System.String WIN.AGDATA.WIN.API.Controllers.UsersController/<>c::<GetUser>b__8_0(WIN.AGDATA.WIN.Domain.Entities.Users.UserRoleAssignment)
FNDA:2,System.String WIN.AGDATA.WIN.API.Controllers.UsersController/<>c::<GetUser>b__8_0(WIN.AGDATA.WIN.Domain.Entities.Users.UserRoleAssignment)
DA:128,2
FN:353,System.Void WIN.AGDATA.WIN.API.Controllers.UsersController/<ActivateUser>d__12::MoveNext()
FNDA:2,System.Void WIN.AGDATA.WIN.API.Controllers.UsersController/<ActivateUser>d__12::MoveNext()
DA:354,2
DA:356,2
DA:357,2
DA:358,2
DA:359,2
DA:361,0
DA:362,0
DA:363,0
DA:365,0
DA:367,0
DA:368,0
DA:369,0
DA:370,0
DA:372,2
BRDA:358,199,0,2
BRDA:358,199,1,0
FN:298,System.Void WIN.AGDATA.WIN.API.Controllers.UsersController/<DeactivateUser>d__11::MoveNext()
FNDA:9,System.Void WIN.AGDATA.WIN.API.Controllers.UsersController/<DeactivateUser>d__11::MoveNext()
DA:299,9
DA:301,9
DA:302,9
DA:303,9
DA:304,9
DA:306,8
DA:307,4
DA:308,4
DA:311,4
DA:312,2
DA:313,2
DA:316,2
DA:317,2
DA:318,2
DA:321,0
DA:322,0
DA:324,1
DA:325,1
DA:326,1
DA:328,0
DA:329,0
DA:330,0
DA:331,0
DA:333,9
BRDA:303,69,0,0
BRDA:303,69,1,9
BRDA:306,251,0,4
BRDA:306,251,1,4
BRDA:311,302,0,2
BRDA:311,302,1,2
BRDA:316,348,0,2
BRDA:316,348,1,0
FN:510,System.Void WIN.AGDATA.WIN.API.Controllers.UsersController/<DeleteUser>d__15::MoveNext()
FNDA:3,System.Void WIN.AGDATA.WIN.API.Controllers.UsersController/<DeleteUser>d__15::MoveNext()
DA:511,3
DA:513,3
DA:514,3
DA:515,3
DA:516,1
DA:519,2
DA:520,2
DA:521,1
DA:523,1
DA:524,1
DA:526,1
DA:528,0
DA:529,0
DA:530,0
DA:531,0
DA:533,3
BRDA:515,199,0,1
BRDA:515,199,1,2
BRDA:520,271,0,1
BRDA:520,271,1,1
FN:59,System.Void WIN.AGDATA.WIN.API.Controllers.UsersController/<GetCurrentUser>d__7::MoveNext()
FNDA:1,System.Void WIN.AGDATA.WIN.API.Controllers.UsersController/<GetCurrentUser>d__7::MoveNext()
DA:60,1
DA:62,1
DA:63,1
DA:64,1
DA:66,1
DA:67,0
DA:69,1
DA:70,1
DA:71,1
DA:72,1
DA:73,1
DA:74,1
DA:75,1
DA:76,1
DA:78,1
DA:80,0
DA:81,0
DA:82,0
DA:83,0
DA:85,1
BRDA:66,195,0,0
BRDA:66,195,1,1
BRDA:69,328,0,0
BRDA:69,328,1,1
FN:105,System.Void WIN.AGDATA.WIN.API.Controllers.UsersController/<GetUser>d__8::MoveNext()
FNDA:4,System.Void WIN.AGDATA.WIN.API.Controllers.UsersController/<GetUser>d__8::MoveNext()
DA:106,4
DA:108,4
DA:109,4
DA:110,4
DA:112,4
DA:113,1
DA:115,3
DA:117,3
DA:118,1
DA:120,2
DA:121,2
DA:122,2
DA:123,2
DA:124,2
DA:125,2
DA:126,2
DA:127,2
DA:129,2
DA:131,0
DA:132,0
DA:133,0
DA:134,0
DA:136,4
BRDA:112,88,0,3
BRDA:112,88,1,1
BRDA:112,104,0,1
BRDA:112,104,1,3
BRDA:117,287,0,1
BRDA:117,287,1,2
BRDA:120,420,0,0
BRDA:120,420,1,2
FN:229,System.Void WIN.AGDATA.WIN.API.Controllers.UsersController/<GetUserPoints>d__10::MoveNext()
FNDA:3,System.Void WIN.AGDATA.WIN.API.Controllers.UsersController/<GetUserPoints>d__10::MoveNext()
DA:230,3
DA:232,3
DA:233,3
DA:234,3
DA:236,3
DA:237,1
DA:239,2
DA:240,2
DA:241,0
DA:243,2
DA:244,2
DA:245,2
DA:246,2
DA:247,2
DA:248,2
DA:249,2
DA:250,2
DA:251,2
DA:252,2
DA:254,0
DA:255,0
DA:256,0
DA:257,0
DA:259,3
BRDA:236,88,0,2
BRDA:236,88,1,1
BRDA:236,104,0,1
BRDA:236,104,1,2
BRDA:240,287,0,0
BRDA:240,287,1,2
FN:445,System.Void WIN.AGDATA.WIN.API.Controllers.UsersController/<GetUserTransactions>d__14::MoveNext()
FNDA:7,System.Void WIN.AGDATA.WIN.API.Controllers.UsersController/<GetUserTransactions>d__14::MoveNext()
DA:446,7
DA:448,7
DA:449,7
DA:450,7
DA:452,7
DA:453,1
DA:456,6
DA:457,6
DA:458,7
DA:460,6
DA:461,6
DA:462,0
DA:464,6
DA:465,6
DA:467,6
DA:469,6
DA:471,6
DA:472,6
DA:473,6
DA:474,6
DA:475,6
DA:476,6
DA:477,6
DA:478,6
DA:479,6
DA:480,6
DA:481,6
DA:482,6
DA:483,6
DA:485,0
DA:486,0
DA:487,0
DA:488,0
DA:490,7
BRDA:452,100,0,2
BRDA:452,100,1,5
BRDA:452,116,0,1
BRDA:452,116,1,6
BRDA:456,160,0,0
BRDA:456,160,1,6
BRDA:457,182,0,0
BRDA:457,182,1,6
BRDA:458,206,0,1
BRDA:458,206,1,6
BRDA:461,369,0,0
BRDA:461,369,1,6
FN:401,System.Void WIN.AGDATA.WIN.API.Controllers.UsersController/<ToggleUserRole>d__13::MoveNext()
FNDA:4,System.Void WIN.AGDATA.WIN.API.Controllers.UsersController/<ToggleUserRole>d__13::MoveNext()
DA:402,4
DA:404,4
DA:405,4
DA:406,4
DA:407,4
DA:409,2
DA:411,2
DA:412,2
DA:413,2
DA:415,0
DA:416,0
DA:417,0
DA:418,0
DA:420,4
FN:160,System.Void WIN.AGDATA.WIN.API.Controllers.UsersController/<UpdateUser>d__9::MoveNext()
FNDA:5,System.Void WIN.AGDATA.WIN.API.Controllers.UsersController/<UpdateUser>d__9::MoveNext()
DA:161,5
DA:162,5
DA:163,0
DA:166,5
DA:167,5
DA:168,5
DA:170,5
DA:171,1
DA:173,4
DA:174,4
DA:175,0
DA:178,4
DA:179,4
DA:180,1
DA:181,1
DA:182,1
DA:183,1
DA:184,1
DA:187,3
DA:188,3
DA:189,1
DA:190,1
DA:191,1
DA:192,1
DA:193,1
DA:197,2
DA:199,2
DA:200,2
DA:202,2
DA:204,0
DA:205,0
DA:206,0
DA:207,0
DA:209,5
BRDA:162,37,0,0
BRDA:162,37,1,5
BRDA:170,165,0,2
BRDA:170,165,1,3
BRDA:170,181,0,1
BRDA:170,181,1,4
BRDA:174,367,0,0
BRDA:174,367,1,4
BRDA:178,412,0,1
BRDA:178,412,1,3
BRDA:178,462,0,1
BRDA:178,462,1,3
BRDA:187,513,0,1
BRDA:187,513,1,2
BRDA:187,563,0,1
BRDA:187,563,1,2
LF:220
LH:173
BRF:60
BRH:48
FNF:12
FNH:12
end_of_record
SF:C:\Users\ajha1\source\repos\ashishjha1034\WIN.AGDATA.WIN\WIN.AGDATA.WIN.API\Controllers\ValidationController.cs
FN:28,System.Void WIN.AGDATA.WIN.API.Controllers.ValidationController::.ctor(WIN.AGDATA.WIN.APPLICATION.Interfaces.IUserRepository,WIN.AGDATA.WIN.APPLICATION.Interfaces.IProductRepository,WIN.AGDATA.WIN.APPLICATION.Interfaces.IEventRepository)
FNDA:23,System.Void WIN.AGDATA.WIN.API.Controllers.ValidationController::.ctor(WIN.AGDATA.WIN.APPLICATION.Interfaces.IUserRepository,WIN.AGDATA.WIN.APPLICATION.Interfaces.IProductRepository,WIN.AGDATA.WIN.APPLICATION.Interfaces.IEventRepository)
DA:29,23
DA:30,23
DA:31,23
DA:32,23
DA:33,23
DA:34,23
DA:35,23
DA:36,23
DA:37,23
FN:125,System.Boolean WIN.AGDATA.WIN.API.Controllers.ValidationController/<>c__DisplayClass6_0::<CheckCategoryName>b__0(WIN.AGDATA.WIN.Domain.Entities.Products.ProductCategory)
FNDA:3,System.Boolean WIN.AGDATA.WIN.API.Controllers.ValidationController/<>c__DisplayClass6_0::<CheckCategoryName>b__0(WIN.AGDATA.WIN.Domain.Entities.Products.ProductCategory)
DA:126,3
FN:157,System.Boolean WIN.AGDATA.WIN.API.Controllers.ValidationController/<>c__DisplayClass7_0::<CheckProductName>b__0(WIN.AGDATA.WIN.Domain.Entities.Products.Product)
FNDA:7,System.Boolean WIN.AGDATA.WIN.API.Controllers.ValidationController/<>c__DisplayClass7_0::<CheckProductName>b__0(WIN.AGDATA.WIN.Domain.Entities.Products.Product)
DA:158,7
FN:118,System.Void WIN.AGDATA.WIN.API.Controllers.ValidationController/<CheckCategoryName>d__6::MoveNext()
FNDA:1,System.Void WIN.AGDATA.WIN.API.Controllers.ValidationController/<CheckCategoryName>d__6::MoveNext()
DA:119,1
DA:120,1
DA:121,0
DA:122,0
DA:125,1
DA:128,1
DA:129,1
DA:130,1
DA:133,0
DA:134,1
BRDA:120,64,0,0
BRDA:120,64,1,1
BRDA:128,292,0,1
BRDA:128,292,1,0
FN:47,System.Void WIN.AGDATA.WIN.API.Controllers.ValidationController/<CheckEmail>d__4::MoveNext()
FNDA:8,System.Void WIN.AGDATA.WIN.API.Controllers.ValidationController/<CheckEmail>d__4::MoveNext()
DA:48,8
DA:49,8
DA:50,0
DA:51,0
DA:55,8
DA:56,4
DA:57,4
DA:60,4
DA:62,4
DA:63,1
DA:64,1
DA:68,3
DA:69,1
DA:70,1
DA:73,2
DA:74,8
BRDA:49,31,0,0
BRDA:49,31,1,8
BRDA:55,97,0,4
BRDA:55,97,1,4
BRDA:62,305,0,1
BRDA:62,305,1,3
BRDA:68,366,0,1
BRDA:68,366,1,2
BRDA:68,402,0,1
BRDA:68,402,1,2
FN:84,System.Void WIN.AGDATA.WIN.API.Controllers.ValidationController/<CheckEmployeeId>d__5::MoveNext()
FNDA:6,System.Void WIN.AGDATA.WIN.API.Controllers.ValidationController/<CheckEmployeeId>d__5::MoveNext()
DA:85,6
DA:86,6
DA:87,0
DA:88,0
DA:92,6
DA:93,3
DA:94,3
DA:97,3
DA:99,3
DA:100,1
DA:101,1
DA:105,2
DA:106,1
DA:107,1
DA:110,1
DA:111,6
BRDA:86,31,0,0
BRDA:86,31,1,6
BRDA:92,97,0,3
BRDA:92,97,1,3
BRDA:99,348,0,1
BRDA:99,348,1,2
BRDA:105,409,0,1
BRDA:105,409,1,1
BRDA:105,445,0,1
BRDA:105,445,1,1
FN:183,System.Void WIN.AGDATA.WIN.API.Controllers.ValidationController/<CheckEventName>d__8::MoveNext()
FNDA:2,System.Void WIN.AGDATA.WIN.API.Controllers.ValidationController/<CheckEventName>d__8::MoveNext()
DA:184,2
DA:185,2
DA:186,0
DA:187,0
DA:191,2
DA:192,2
DA:193,0
DA:194,0
DA:198,2
DA:200,2
DA:201,1
DA:202,1
DA:205,1
DA:206,2
BRDA:185,31,0,0
BRDA:185,31,1,2
BRDA:192,130,0,0
BRDA:192,130,1,2
BRDA:200,333,0,1
BRDA:200,333,1,1
FN:144,System.Void WIN.AGDATA.WIN.API.Controllers.ValidationController/<CheckProductName>d__7::MoveNext()
FNDA:2,System.Void WIN.AGDATA.WIN.API.Controllers.ValidationController/<CheckProductName>d__7::MoveNext()
DA:145,2
DA:146,2
DA:147,0
DA:148,0
DA:152,2
DA:153,0
DA:154,0
DA:157,2
DA:160,2
DA:161,1
DA:162,1
DA:166,1
DA:167,0
DA:168,0
DA:171,1
DA:172,2
BRDA:146,64,0,0
BRDA:146,64,1,2
BRDA:152,135,0,0
BRDA:152,135,1,2
BRDA:160,413,0,1
BRDA:160,413,1,1
BRDA:166,474,0,0
BRDA:166,474,1,1
BRDA:166,510,0,0
BRDA:166,510,1,1
FN:214,System.Boolean WIN.AGDATA.WIN.API.Controllers.ValidationResult::get_IsValid()
FNDA:38,System.Boolean WIN.AGDATA.WIN.API.Controllers.ValidationResult::get_IsValid()
DA:215,38
FN:216,System.String WIN.AGDATA.WIN.API.Controllers.ValidationResult::get_Message()
FNDA:57,System.String WIN.AGDATA.WIN.API.Controllers.ValidationResult::get_Message()
DA:217,57
LF:85
LH:68
BRF:40
BRH:30
FNF:10
FNH:10
end_of_record
SF:C:\Users\ajha1\source\repos\ashishjha1034\WIN.AGDATA.WIN\APPLICATION\Validators\SharedValidationRules.cs
FN:76,System.Boolean WIN.AGDATA.WIN.APPLICATION.Validators.SharedValidationRules::IsValidCorporateEmail(System.String)
FNDA:22,System.Boolean WIN.AGDATA.WIN.APPLICATION.Validators.SharedValidationRules::IsValidCorporateEmail(System.String)
DA:77,22
DA:78,22
DA:80,22
DA:83,22
DA:84,7
DA:87,15
DA:88,15
DA:90,15
DA:93,15
DA:94,22
BRDA:78,9,0,0
BRDA:78,9,1,22
BRDA:83,42,0,7
BRDA:83,42,1,15
BRDA:88,66,0,0
BRDA:88,66,1,15
FN:99,System.String WIN.AGDATA.WIN.APPLICATION.Validators.SharedValidationRules::GetCorporateEmailErrorMessage()
FNDA:23,System.String WIN.AGDATA.WIN.APPLICATION.Validators.SharedValidationRules::GetCorporateEmailErrorMessage()
DA:100,23
DA:101,23
DA:102,23
FN:107,System.Boolean WIN.AGDATA.WIN.APPLICATION.Validators.SharedValidationRules::IsAlphaOnly(System.String)
FNDA:16,System.Boolean WIN.AGDATA.WIN.APPLICATION.Validators.SharedValidationRules::IsAlphaOnly(System.String)
DA:108,16
DA:109,16
DA:110,16
DA:111,16
BRDA:109,9,0,0
BRDA:109,9,1,16
FN:116,System.Boolean WIN.AGDATA.WIN.APPLICATION.Validators.SharedValidationRules::IsValidEmployeeId(System.String)
FNDA:6,System.Boolean WIN.AGDATA.WIN.APPLICATION.Validators.SharedValidationRules::IsValidEmployeeId(System.String)
DA:117,6
DA:118,6
DA:119,6
DA:120,6
DA:121,6
BRDA:118,9,0,0
BRDA:118,9,1,6
BRDA:119,23,0,4
BRDA:119,23,1,2
FN:126,System.Boolean WIN.AGDATA.WIN.APPLICATION.Validators.SharedValidationRules::IsValidProductName(System.String)
FNDA:14,System.Boolean WIN.AGDATA.WIN.APPLICATION.Validators.SharedValidationRules::IsValidProductName(System.String)
DA:127,14
DA:128,15
DA:131,13
DA:133,13
DA:136,14
DA:139,12
DA:140,35
DA:141,14
BRDA:128,15,0,1
BRDA:128,15,1,13
BRDA:131,36,0,0
BRDA:131,36,1,13
BRDA:136,56,0,13
BRDA:136,56,1,0
BRDA:136,71,0,1
BRDA:136,71,1,12
FN:146,System.Boolean WIN.AGDATA.WIN.APPLICATION.Validators.SharedValidationRules::HasValidWordCount(System.String)
FNDA:11,System.Boolean WIN.AGDATA.WIN.APPLICATION.Validators.SharedValidationRules::HasValidWordCount(System.String)
DA:147,11
DA:148,11
DA:150,11
DA:151,11
DA:152,11
BRDA:148,9,0,0
BRDA:148,9,1,11
BRDA:151,44,0,10
BRDA:151,44,1,1
FN:157,System.Boolean WIN.AGDATA.WIN.APPLICATION.Validators.SharedValidationRules::IsValidHttpsUrl(System.String)
FNDA:2,System.Boolean WIN.AGDATA.WIN.APPLICATION.Validators.SharedValidationRules::IsValidHttpsUrl(System.String)
DA:158,2
DA:159,2
DA:161,2
DA:162,2
DA:163,2
DA:166,0
DA:167,2
BRDA:159,9,0,0
BRDA:159,9,1,2
BRDA:161,26,0,2
BRDA:161,26,1,0
FN:176,System.ValueTuple`2<System.Boolean,System.Collections.Generic.List`1<System.String>> WIN.AGDATA.WIN.APPLICATION.Validators.SharedValidationRules::ValidateStrongPassword(System.String,System.String,System.String,System.String)
FNDA:0,System.ValueTuple`2<System.Boolean,System.Collections.Generic.List`1<System.String>> WIN.AGDATA.WIN.APPLICATION.Validators.SharedValidationRules::ValidateStrongPassword(System.String,System.String,System.String,System.String)
DA:177,0
DA:178,0
DA:180,0
DA:181,0
DA:182,0
DA:183,0
DA:186,0
DA:187,0
DA:189,0
DA:190,0
DA:192,0
DA:193,0
DA:195,0
DA:196,0
DA:198,0
DA:199,0
DA:201,0
DA:202,0
DA:205,0
DA:207,0
DA:208,0
DA:209,0
DA:211,0
DA:212,0
DA:213,0
DA:215,0
DA:216,0
DA:217,0
DA:219,0
DA:220,0
BRDA:180,15,0,0
BRDA:180,15,1,0
BRDA:186,57,0,0
BRDA:186,57,1,0
BRDA:189,137,0,0
BRDA:189,137,1,0
BRDA:192,169,0,0
BRDA:192,169,1,0
BRDA:195,201,0,0
BRDA:195,201,1,0
BRDA:198,233,0,0
BRDA:198,233,1,0
BRDA:201,259,0,0
BRDA:201,259,1,0
BRDA:207,286,0,0
BRDA:207,295,0,0
BRDA:207,286,1,0
BRDA:207,295,1,0
BRDA:207,316,0,0
BRDA:207,316,1,0
BRDA:211,336,0,0
BRDA:211,345,0,0
BRDA:211,336,1,0
BRDA:211,345,1,0
BRDA:211,366,0,0
BRDA:211,366,1,0
BRDA:215,386,0,0
BRDA:215,395,0,0
BRDA:215,386,1,0
BRDA:215,395,1,0
BRDA:215,416,0,0
BRDA:215,416,1,0
FN:230,System.ValueTuple`2<System.Boolean,System.String> WIN.AGDATA.WIN.APPLICATION.Validators.SharedValidationRules::ValidateEventName(System.String)
FNDA:13,System.ValueTuple`2<System.Boolean,System.String> WIN.AGDATA.WIN.APPLICATION.Validators.SharedValidationRules::ValidateEventName(System.String)
DA:231,13
DA:232,13
DA:233,0
DA:235,13
DA:238,13
DA:239,0
DA:242,13
DA:243,0
DA:246,13
DA:247,13
DA:248,0
DA:249,13
DA:250,0
DA:253,13
DA:254,13
DA:255,0
DA:256,13
DA:257,0
DA:262,13
DA:263,13
BRDA:232,9,0,0
BRDA:232,9,1,13
BRDA:238,47,0,0
BRDA:238,47,1,13
BRDA:242,82,0,0
BRDA:242,82,1,13
BRDA:247,132,0,0
BRDA:247,132,1,13
BRDA:249,208,0,0
BRDA:249,208,1,13
BRDA:254,296,0,0
BRDA:254,296,1,13
BRDA:256,370,0,0
BRDA:256,370,1,13
FN:268,System.ValueTuple`2<System.Boolean,System.String> WIN.AGDATA.WIN.APPLICATION.Validators.SharedValidationRules::ValidateEventDescription(System.String)
FNDA:11,System.ValueTuple`2<System.Boolean,System.String> WIN.AGDATA.WIN.APPLICATION.Validators.SharedValidationRules::ValidateEventDescription(System.String)
DA:269,11
DA:270,11
DA:271,0
DA:273,11
DA:276,11
DA:277,0
DA:278,11
DA:279,0
DA:282,11
DA:283,11
DA:284,0
DA:285,11
DA:286,0
DA:288,11
DA:289,11
BRDA:270,9,0,0
BRDA:270,9,1,11
BRDA:276,49,0,0
BRDA:276,49,1,11
BRDA:278,160,0,0
BRDA:278,160,1,11
BRDA:283,292,0,0
BRDA:283,292,1,11
BRDA:285,390,0,0
BRDA:285,390,1,11
FN:294,System.ValueTuple`2<System.Boolean,System.String> WIN.AGDATA.WIN.APPLICATION.Validators.SharedValidationRules::ValidateEventLocation(System.String)
FNDA:11,System.ValueTuple`2<System.Boolean,System.String> WIN.AGDATA.WIN.APPLICATION.Validators.SharedValidationRules::ValidateEventLocation(System.String)
DA:295,11
DA:297,11
DA:298,3
DA:300,8
DA:303,8
DA:304,0
DA:307,8
DA:308,0
DA:311,8
DA:312,8
DA:313,0
DA:314,8
DA:315,0
DA:318,8
DA:319,8
DA:320,0
DA:323,8
DA:324,56
DA:325,16
DA:326,16
DA:327,0
DA:328,16
DA:330,8
DA:331,11
BRDA:297,11,0,3
BRDA:297,11,1,8
BRDA:303,45,0,0
BRDA:303,45,1,8
BRDA:307,80,0,0
BRDA:307,80,1,8
BRDA:312,130,0,0
BRDA:312,130,1,8
BRDA:314,206,0,0
BRDA:314,206,1,8
BRDA:319,295,0,0
BRDA:319,295,1,8
BRDA:324,469,1,16
BRDA:326,427,0,0
BRDA:326,427,1,16
BRDA:324,469,0,8
FN:336,System.ValueTuple`2<System.Boolean,System.String> WIN.AGDATA.WIN.APPLICATION.Validators.SharedValidationRules::ValidateEventMaxParticipants(System.Nullable`1<System.Int32>)
FNDA:11,System.ValueTuple`2<System.Boolean,System.String> WIN.AGDATA.WIN.APPLICATION.Validators.SharedValidationRules::ValidateEventMaxParticipants(System.Nullable`1<System.Int32>)
DA:337,11
DA:339,11
DA:340,4
DA:342,7
DA:343,0
DA:344,7
DA:345,0
DA:347,7
DA:348,11
BRDA:339,13,0,4
BRDA:339,13,1,7
BRDA:342,40,0,0
BRDA:342,40,1,7
BRDA:344,121,0,0
BRDA:344,121,1,7
FN:353,System.ValueTuple`2<System.Boolean,System.String> WIN.AGDATA.WIN.APPLICATION.Validators.SharedValidationRules::ValidateEventPointsPool(System.Nullable`1<System.Int32>)
FNDA:11,System.ValueTuple`2<System.Boolean,System.String> WIN.AGDATA.WIN.APPLICATION.Validators.SharedValidationRules::ValidateEventPointsPool(System.Nullable`1<System.Int32>)
DA:354,11
DA:356,11
DA:357,0
DA:359,11
DA:360,0
DA:361,11
DA:362,0
DA:364,11
DA:365,11
BRDA:356,13,0,0
BRDA:356,13,1,11
BRDA:359,40,0,0
BRDA:359,40,1,11
BRDA:361,121,0,0
BRDA:361,121,1,11
FN:373,System.ValueTuple`2<System.Boolean,System.String> WIN.AGDATA.WIN.APPLICATION.Validators.SharedValidationRules::ValidateEventDates(System.DateTime,System.DateTime,System.Nullable`1<System.DateTime>)
FNDA:10,System.ValueTuple`2<System.Boolean,System.String> WIN.AGDATA.WIN.APPLICATION.Validators.SharedValidationRules::ValidateEventDates(System.DateTime,System.DateTime,System.Nullable`1<System.DateTime>)
DA:374,10
DA:375,10
DA:378,10
DA:379,0
DA:382,10
DA:383,1
DA:386,9
DA:387,2
DA:389,7
DA:390,10
BRDA:375,10,0,0
BRDA:375,10,1,10
BRDA:378,36,0,0
BRDA:378,36,1,10
BRDA:382,66,0,1
BRDA:382,66,1,9
BRDA:386,93,0,2
BRDA:386,93,1,7
FN:395,System.DateTime WIN.AGDATA.WIN.APPLICATION.Validators.SharedValidationRules::ConvertUtcToIst(System.DateTime)
[...]
DA:567,0
DA:568,0
DA:569,0
DA:570,0
DA:571,0
DA:572,0
DA:573,0
DA:574,0
DA:575,0
DA:576,0
DA:577,0
DA:578,0
DA:579,0
DA:580,0
DA:581,0
DA:582,0
DA:583,0
DA:584,0
DA:585,0
DA:586,0
DA:587,0
DA:588,0
DA:589,0
DA:590,0
DA:591,0
DA:592,0
DA:593,0
DA:594,0
DA:595,0
DA:596,0
DA:597,0
DA:598,0
DA:599,0
DA:601,0
DA:602,0
DA:603,0
DA:604,0
DA:605,0
DA:606,0
DA:607,0
DA:608,0
DA:609,0
DA:610,0
DA:611,0
DA:612,0
DA:613,0
DA:614,0
DA:615,0
DA:616,0
DA:617,0
DA:618,0
DA:619,0
DA:620,0
DA:621,0
DA:622,0
DA:623,0
DA:624,0
DA:625,0
DA:626,0
DA:627,0
DA:628,0
DA:629,0
DA:630,0
DA:631,0
DA:632,0
DA:633,0
DA:634,0
DA:635,0
DA:636,0
DA:637,0
DA:638,0
DA:639,0
DA:640,0
DA:641,0
DA:642,0
DA:643,0
DA:645,0
DA:646,0
DA:647,0
DA:648,0
DA:649,0
DA:650,0
DA:651,0
DA:652,0
DA:653,0
DA:654,0
DA:655,0
DA:656,0
DA:657,0
DA:658,0
DA:659,0
DA:660,0
DA:661,0
DA:662,0
DA:663,0
DA:664,0
DA:665,0
DA:666,0
DA:667,0
DA:668,0
DA:669,0
DA:670,0
DA:671,0
DA:672,0
DA:673,0
DA:674,0
DA:675,0
DA:676,0
DA:677,0
DA:678,0
DA:679,0
DA:681,0
DA:682,0
DA:683,0
DA:684,0
DA:685,0
DA:686,0
DA:687,0
DA:688,0
DA:689,0
DA:690,0
DA:691,0
DA:693,0
DA:694,0
DA:695,0
DA:696,0
DA:697,0
DA:698,0
DA:699,0
DA:700,0
DA:701,0
DA:702,0
DA:703,0
DA:704,0
DA:705,0
DA:706,0
DA:707,0
DA:708,0
DA:709,0
DA:710,0
DA:712,0
DA:713,0
DA:714,0
DA:715,0
DA:716,0
DA:717,0
DA:718,0
DA:719,0
DA:720,0
DA:721,0
DA:723,0
DA:724,0
DA:725,0
DA:726,0
DA:727,0
DA:728,0
DA:729,0
DA:730,0
DA:731,0
DA:732,0
DA:734,0
DA:735,0
DA:736,0
DA:737,0
DA:738,0
DA:739,0
DA:740,0
DA:741,0
DA:742,0
DA:744,0
DA:745,0
DA:746,0
DA:747,0
DA:748,0
DA:749,0
DA:750,0
DA:751,0
DA:752,0
DA:753,0
DA:754,0
DA:755,0
DA:756,0
DA:757,0
DA:758,0
DA:759,0
DA:760,0
DA:761,0
DA:763,0
DA:764,0
DA:765,0
DA:766,0
DA:767,0
DA:768,0
DA:769,0
DA:770,0
DA:771,0
DA:772,0
DA:774,0
DA:775,0
DA:776,0
DA:777,0
DA:778,0
DA:779,0
DA:780,0
DA:781,0
DA:782,0
DA:783,0
DA:785,0
DA:786,0
DA:787,0
DA:788,0
DA:789,0
DA:790,0
DA:791,0
DA:792,0
DA:793,0
DA:794,0
DA:795,0
DA:796,0
DA:797,0
DA:798,0
DA:799,0
DA:800,0
DA:801,0
DA:802,0
DA:803,0
DA:804,0
DA:805,0
DA:806,0
DA:807,0
DA:808,0
DA:809,0
DA:810,0
DA:811,0
DA:813,0
DA:814,0
DA:815,0
DA:816,0
DA:817,0
DA:818,0
DA:819,0
DA:820,0
DA:821,0
DA:822,0
DA:824,0
DA:825,0
DA:826,0
DA:827,0
DA:828,0
DA:829,0
DA:830,0
DA:831,0
DA:832,0
DA:833,0
DA:834,0
DA:835,0
DA:836,0
DA:837,0
DA:838,0
DA:839,0
DA:840,0
DA:841,0
DA:843,0
DA:844,0
DA:845,0
DA:846,0
DA:848,0
DA:849,0
DA:850,0
DA:851,0
DA:852,0
DA:853,0
DA:854,0
DA:855,0
DA:857,0
DA:858,0
DA:859,0
DA:860,0
DA:861,0
DA:862,0
DA:863,0
DA:865,0
LF:815
LH:0
BRF:0
BRH:0
FNF:1
FNH:0
end_of_record
SF:C:\Users\ajha1\source\repos\ashishjha1034\WIN.AGDATA.WIN\INFRASTRUCTURE\DependencyInjection\DependencyInjection.cs
FN:17,Microsoft.Extensions.DependencyInjection.IServiceCollection WIN.AGDATA.WIN.Infrastructure.DependencyInjection.DependencyInjection::AddInfrastructure(Microsoft.Extensions.DependencyInjection.IServiceCollection,Microsoft.Extensions.Configuration.IConfiguration)
FNDA:9,Microsoft.Extensions.DependencyInjection.IServiceCollection WIN.AGDATA.WIN.Infrastructure.DependencyInjection.DependencyInjection::AddInfrastructure(Microsoft.Extensions.DependencyInjection.IServiceCollection,Microsoft.Extensions.Configuration.IConfiguration)
DA:18,9
DA:20,9
DA:21,9
DA:24,9
DA:25,9
DA:28,9
DA:29,9
DA:30,9
DA:31,9
DA:32,9
DA:33,9
DA:34,9
DA:37,9
DA:38,9
DA:40,9
DA:41,9
LF:16
LH:16
BRF:0
BRH:0
FNF:1
FNH:1
end_of_record
SF:C:\Users\ajha1\source\repos\ashishjha1034\WIN.AGDATA.WIN\INFRASTRUCTURE\Data\ApplicationDbContext.cs
FN:18,Microsoft.EntityFrameworkCore.DbSet`1<WIN.AGDATA.WIN.Domain.Entities.Users.User> WIN.AGDATA.WIN.Infrastructure.Data.ApplicationDbContext::get_Users()
FNDA:75,Microsoft.EntityFrameworkCore.DbSet`1<WIN.AGDATA.WIN.Domain.Entities.Users.User> WIN.AGDATA.WIN.Infrastructure.Data.ApplicationDbContext::get_Users()
DA:19,75
FN:19,Microsoft.EntityFrameworkCore.DbSet`1<WIN.AGDATA.WIN.Domain.Entities.Users.Role> WIN.AGDATA.WIN.Infrastructure.Data.ApplicationDbContext::get_Roles()
FNDA:20,Microsoft.EntityFrameworkCore.DbSet`1<WIN.AGDATA.WIN.Domain.Entities.Users.Role> WIN.AGDATA.WIN.Infrastructure.Data.ApplicationDbContext::get_Roles()
DA:20,20
FN:20,Microsoft.EntityFrameworkCore.DbSet`1<WIN.AGDATA.WIN.Domain.Entities.Users.UserRoleAssignment> WIN.AGDATA.WIN.Infrastructure.Data.ApplicationDbContext::get_UserRoleAssignments()
FNDA:9,Microsoft.EntityFrameworkCore.DbSet`1<WIN.AGDATA.WIN.Domain.Entities.Users.UserRoleAssignment> WIN.AGDATA.WIN.Infrastructure.Data.ApplicationDbContext::get_UserRoleAssignments()
DA:21,9
FN:21,Microsoft.EntityFrameworkCore.DbSet`1<WIN.AGDATA.WIN.Domain.Entities.Users.UserPointsAccount> WIN.AGDATA.WIN.Infrastructure.Data.ApplicationDbContext::get_UserPointsAccounts()
FNDA:0,Microsoft.EntityFrameworkCore.DbSet`1<WIN.AGDATA.WIN.Domain.Entities.Users.UserPointsAccount> WIN.AGDATA.WIN.Infrastructure.Data.ApplicationDbContext::get_UserPointsAccounts()
DA:22,0
FN:22,Microsoft.EntityFrameworkCore.DbSet`1<WIN.AGDATA.WIN.Domain.Entities.Transactions.UserPointsTransaction> WIN.AGDATA.WIN.Infrastructure.Data.ApplicationDbContext::get_UserPointsTransactions()
FNDA:27,Microsoft.EntityFrameworkCore.DbSet`1<WIN.AGDATA.WIN.Domain.Entities.Transactions.UserPointsTransaction> WIN.AGDATA.WIN.Infrastructure.Data.ApplicationDbContext::get_UserPointsTransactions()
DA:23,27
FN:23,Microsoft.EntityFrameworkCore.DbSet`1<WIN.AGDATA.WIN.Domain.Entities.Users.PasswordResetToken> WIN.AGDATA.WIN.Infrastructure.Data.ApplicationDbContext::get_PasswordResetTokens()
FNDA:3,Microsoft.EntityFrameworkCore.DbSet`1<WIN.AGDATA.WIN.Domain.Entities.Users.PasswordResetToken> WIN.AGDATA.WIN.Infrastructure.Data.ApplicationDbContext::get_PasswordResetTokens()
DA:24,3
FN:25,Microsoft.EntityFrameworkCore.DbSet`1<WIN.AGDATA.WIN.Domain.Entities.Products.ProductCategory> WIN.AGDATA.WIN.Infrastructure.Data.ApplicationDbContext::get_ProductCategories()
FNDA:16,Microsoft.EntityFrameworkCore.DbSet`1<WIN.AGDATA.WIN.Domain.Entities.Products.ProductCategory> WIN.AGDATA.WIN.Infrastructure.Data.ApplicationDbContext::get_ProductCategories()
DA:26,16
FN:26,Microsoft.EntityFrameworkCore.DbSet`1<WIN.AGDATA.WIN.Domain.Entities.Products.Product> WIN.AGDATA.WIN.Infrastructure.Data.ApplicationDbContext::get_Products()
FNDA:37,Microsoft.EntityFrameworkCore.DbSet`1<WIN.AGDATA.WIN.Domain.Entities.Products.Product> WIN.AGDATA.WIN.Infrastructure.Data.ApplicationDbContext::get_Products()
DA:27,37
FN:27,Microsoft.EntityFrameworkCore.DbSet`1<WIN.AGDATA.WIN.Domain.Entities.Products.ProductPricing> WIN.AGDATA.WIN.Infrastructure.Data.ApplicationDbContext::get_ProductPricings()
FNDA:0,Microsoft.EntityFrameworkCore.DbSet`1<WIN.AGDATA.WIN.Domain.Entities.Products.ProductPricing> WIN.AGDATA.WIN.Infrastructure.Data.ApplicationDbContext::get_ProductPricings()
DA:28,0
FN:28,Microsoft.EntityFrameworkCore.DbSet`1<InventoryItem> WIN.AGDATA.WIN.Infrastructure.Data.ApplicationDbContext::get_InventoryItems()
FNDA:0,Microsoft.EntityFrameworkCore.DbSet`1<InventoryItem> WIN.AGDATA.WIN.Infrastructure.Data.ApplicationDbContext::get_InventoryItems()
DA:29,0
FN:30,Microsoft.EntityFrameworkCore.DbSet`1<WIN.AGDATA.WIN.Domain.Entities.Events.Event> WIN.AGDATA.WIN.Infrastructure.Data.ApplicationDbContext::get_Events()
FNDA:62,Microsoft.EntityFrameworkCore.DbSet`1<WIN.AGDATA.WIN.Domain.Entities.Events.Event> WIN.AGDATA.WIN.Infrastructure.Data.ApplicationDbContext::get_Events()
DA:31,62
FN:31,Microsoft.EntityFrameworkCore.DbSet`1<WIN.AGDATA.WIN.Domain.Entities.Events.EventParticipant> WIN.AGDATA.WIN.Infrastructure.Data.ApplicationDbContext::get_EventParticipants()
FNDA:8,Microsoft.EntityFrameworkCore.DbSet`1<WIN.AGDATA.WIN.Domain.Entities.Events.EventParticipant> WIN.AGDATA.WIN.Infrastructure.Data.ApplicationDbContext::get_EventParticipants()
DA:32,8
FN:32,Microsoft.EntityFrameworkCore.DbSet`1<WIN.AGDATA.WIN.Domain.Entities.Events.PrizeTier> WIN.AGDATA.WIN.Infrastructure.Data.ApplicationDbContext::get_PrizeTiers()
FNDA:0,Microsoft.EntityFrameworkCore.DbSet`1<WIN.AGDATA.WIN.Domain.Entities.Events.PrizeTier> WIN.AGDATA.WIN.Infrastructure.Data.ApplicationDbContext::get_PrizeTiers()
DA:33,0
FN:34,Microsoft.EntityFrameworkCore.DbSet`1<WIN.AGDATA.WIN.Domain.Entities.Redemptions.Redemption> WIN.AGDATA.WIN.Infrastructure.Data.ApplicationDbContext::get_Redemptions()
FNDA:46,Microsoft.EntityFrameworkCore.DbSet`1<WIN.AGDATA.WIN.Domain.Entities.Redemptions.Redemption> WIN.AGDATA.WIN.Infrastructure.Data.ApplicationDbContext::get_Redemptions()
DA:35,46
FN:37,System.Void WIN.AGDATA.WIN.Infrastructure.Data.ApplicationDbContext::OnModelCreating(Microsoft.EntityFrameworkCore.ModelBuilder)
FNDA:2,System.Void WIN.AGDATA.WIN.Infrastructure.Data.ApplicationDbContext::OnModelCreating(Microsoft.EntityFrameworkCore.ModelBuilder)
DA:38,2
DA:39,2
DA:42,2
DA:43,2
FN:14,System.Void WIN.AGDATA.WIN.Infrastructure.Data.ApplicationDbContext::.ctor(Microsoft.EntityFrameworkCore.DbContextOptions`1<WIN.AGDATA.WIN.Infrastructure.Data.ApplicationDbContext>)
FNDA:237,System.Void WIN.AGDATA.WIN.Infrastructure.Data.ApplicationDbContext::.ctor(Microsoft.EntityFrameworkCore.DbContextOptions`1<WIN.AGDATA.WIN.Infrastructure.Data.ApplicationDbContext>)
DA:15,237
DA:16,237
DA:17,237
LF:21
LH:17
BRF:0
BRH:0
FNF:16
FNH:12
end_of_record
SF:C:\Users\ajha1\source\repos\ashishjha1034\WIN.AGDATA.WIN\INFRASTRUCTURE\Data\DatabaseSeeder.cs
FN:10,System.Void WIN.AGDATA.WIN.Infrastructure.Data.DatabaseSeeder/<SeedAsync>d__0::MoveNext()
FNDA:0,System.Void WIN.AGDATA.WIN.Infrastructure.Data.DatabaseSeeder/<SeedAsync>d__0::MoveNext()
DA:11,0
DA:13,0
DA:14,0
DA:17,0
DA:18,0
DA:19,0
DA:20,0
DA:23,0
DA:26,0
DA:27,0
DA:28,0
DA:29,0
DA:30,0
DA:31,0
DA:32,0
DA:34,0
DA:37,0
DA:38,0
DA:41,0
DA:42,0
DA:44,0
DA:47,0
DA:48,0
DA:50,0
DA:52,0
DA:53,0
DA:54,0
DA:55,0
DA:56,0
DA:57,0
DA:58,0
DA:59,0
DA:61,0
BRDA:17,201,0,0
BRDA:17,201,1,0
LF:33
LH:0
BRF:2
BRH:0
FNF:1
FNH:0
end_of_record
SF:C:\Users\ajha1\source\repos\ashishjha1034\WIN.AGDATA.WIN\INFRASTRUCTURE\Data\Configurations\EventConfiguration.cs
FN:10,System.Void WIN.AGDATA.WIN.Infrastructure.Data.Configurations.EventConfiguration::Configure(Microsoft.EntityFrameworkCore.Metadata.Builders.EntityTypeBuilder`1<WIN.AGDATA.WIN.Domain.Entities.Events.Event>)
FNDA:2,System.Void WIN.AGDATA.WIN.Infrastructure.Data.Configurations.EventConfiguration::Configure(Microsoft.EntityFrameworkCore.Metadata.Builders.EntityTypeBuilder`1<WIN.AGDATA.WIN.Domain.Entities.Events.Event>)
DA:11,2
DA:12,2
DA:14,2
DA:15,2
DA:16,2
DA:17,2
DA:19,2
DA:22,2
DA:23,2
DA:24,2
DA:25,2
DA:26,2
DA:28,2
DA:29,2
DA:30,2
DA:31,2
DA:32,2
DA:35,2
DA:36,2
DA:37,2
DA:39,2
DA:40,2
DA:41,2
DA:42,2
DA:43,2
LF:25
LH:25
BRF:0
BRH:0
FNF:1
FNH:1
end_of_record
SF:C:\Users\ajha1\source\repos\ashishjha1034\WIN.AGDATA.WIN\INFRASTRUCTURE\Data\Configurations\EventParticipantConfiguration.cs
FN:10,System.Void WIN.AGDATA.WIN.Infrastructure.Data.Configurations.EventParticipantConfiguration::Configure(Microsoft.EntityFrameworkCore.Metadata.Builders.EntityTypeBuilder`1<WIN.AGDATA.WIN.Domain.Entities.Events.EventParticipant>)
FNDA:2,System.Void WIN.AGDATA.WIN.Infrastructure.Data.Configurations.EventParticipantConfiguration::Configure(Microsoft.EntityFrameworkCore.Metadata.Builders.EntityTypeBuilder`1<WIN.AGDATA.WIN.Domain.Entities.Events.EventParticipant>)
DA:11,2
DA:12,2
DA:14,2
DA:15,2
DA:16,2
DA:17,2
DA:19,2
DA:22,2
DA:23,2
DA:24,2
DA:25,2
DA:26,2
DA:28,2
DA:29,2
LF:14
LH:14
BRF:0
BRH:0
FNF:1
FNH:1
end_of_record
SF:C:\Users\ajha1\source\repos\ashishjha1034\WIN.AGDATA.WIN\INFRASTRUCTURE\Data\Configurations\InventoryItemConfiguration..cs
FN:9,System.Void WIN.AGDATA.WIN.Infrastructure.Data.Configurations.InventoryItemConfiguration::Configure(Microsoft.EntityFrameworkCore.Metadata.Builders.EntityTypeBuilder`1<InventoryItem>)
FNDA:2,System.Void WIN.AGDATA.WIN.Infrastructure.Data.Configurations.InventoryItemConfiguration::Configure(Microsoft.EntityFrameworkCore.Metadata.Builders.EntityTypeBuilder`1<InventoryItem>)
DA:10,2
DA:11,2
DA:13,2
DA:14,2
DA:16,2
DA:17,2
DA:20,2
DA:21,2
DA:22,2
DA:23,2
DA:24,2
DA:25,2
LF:12
LH:12
BRF:0
BRH:0
FNF:1
FNH:1
end_of_record
SF:C:\Users\ajha1\source\repos\ashishjha1034\WIN.AGDATA.WIN\INFRASTRUCTURE\Data\Configurations\PasswordResetTokenConfiguration.cs
FN:9,System.Void WIN.AGDATA.WIN.Infrastructure.Data.Configurations.PasswordResetTokenConfiguration::Configure(Microsoft.EntityFrameworkCore.Metadata.Builders.EntityTypeBuilder`1<WIN.AGDATA.WIN.Domain.Entities.Users.PasswordResetToken>)
FNDA:2,System.Void WIN.AGDATA.WIN.Infrastructure.Data.Configurations.PasswordResetTokenConfiguration::Configure(Microsoft.EntityFrameworkCore.Metadata.Builders.EntityTypeBuilder`1<WIN.AGDATA.WIN.Domain.Entities.Users.PasswordResetToken>)
DA:10,2
DA:11,2
DA:13,2
DA:14,2
DA:16,2
DA:17,2
DA:18,2
DA:20,2
DA:21,2
DA:22,2
DA:23,2
DA:25,2
DA:26,2
DA:27,2
DA:29,2
DA:30,2
DA:31,2
DA:33,2
DA:34,2
DA:36,2
DA:37,2
DA:38,2
DA:40,2
DA:41,2
DA:43,2
DA:44,2
DA:45,2
DA:46,2
DA:48,2
DA:49,2
LF:30
LH:30
BRF:0
BRH:0
FNF:1
FNH:1
end_of_record
SF:C:\Users\ajha1\source\repos\ashishjha1034\WIN.AGDATA.WIN\INFRASTRUCTURE\Data\Configurations\ProductCategoryConfiguration.cs
FN:9,System.Void WIN.AGDATA.WIN.Infrastructure.Data.Configurations.ProductCategoryConfiguration::Configure(Microsoft.EntityFrameworkCore.Metadata.Builders.EntityTypeBuilder`1<WIN.AGDATA.WIN.Domain.Entities.Products.ProductCategory>)
FNDA:2,System.Void WIN.AGDATA.WIN.Infrastructure.Data.Configurations.ProductCategoryConfiguration::Configure(Microsoft.EntityFrameworkCore.Metadata.Builders.EntityTypeBuilder`1<WIN.AGDATA.WIN.Domain.Entities.Products.ProductCategory>)
DA:10,2
DA:11,2
DA:12,2
DA:13,2
DA:14,2
DA:15,2
DA:16,2
LF:7
LH:7
BRF:0
BRH:0
FNF:1
FNH:1
end_of_record
SF:C:\Users\ajha1\source\repos\ashishjha1034\WIN.AGDATA.WIN\INFRASTRUCTURE\Data\Configurations\ProductConfiguration.cs
FN:10,System.Void WIN.AGDATA.WIN.Infrastructure.Data.Configurations.ProductConfiguration::Configure(Microsoft.EntityFrameworkCore.Metadata.Builders.EntityTypeBuilder`1<WIN.AGDATA.WIN.Domain.Entities.Products.Product>)
FNDA:2,System.Void WIN.AGDATA.WIN.Infrastructure.Data.Configurations.ProductConfiguration::Configure(Microsoft.EntityFrameworkCore.Metadata.Builders.EntityTypeBuilder`1<WIN.AGDATA.WIN.Domain.Entities.Products.Product>)
DA:11,2
DA:12,2
DA:14,2
DA:15,2
DA:17,2
DA:18,2
DA:19,2
DA:20,2
DA:21,2
DA:23,2
DA:24,2
DA:25,2
DA:26,2
DA:28,2
DA:29,2
DA:30,2
DA:31,2
DA:33,2
DA:34,2
LF:19
LH:19
BRF:0
BRH:0
FNF:1
FNH:1
end_of_record
SF:C:\Users\ajha1\source\repos\ashishjha1034\WIN.AGDATA.WIN\INFRASTRUCTURE\Data\Configurations\ProductPricingConfiguration.cs
FN:10,System.Void WIN.AGDATA.WIN.Infrastructure.Data.Configurations.ProductPricingConfiguration::Configure(Microsoft.EntityFrameworkCore.Metadata.Builders.EntityTypeBuilder`1<WIN.AGDATA.WIN.Domain.Entities.Products.ProductPricing>)
FNDA:2,System.Void WIN.AGDATA.WIN.Infrastructure.Data.Configurations.ProductPricingConfiguration::Configure(Microsoft.EntityFrameworkCore.Metadata.Builders.EntityTypeBuilder`1<WIN.AGDATA.WIN.Domain.Entities.Products.ProductPricing>)
DA:11,2
DA:12,2
DA:14,2
DA:16,2
DA:18,2
DA:19,2
DA:20,2
DA:21,2
DA:22,2
DA:23,2
DA:25,2
DA:28,2
DA:29,2
DA:30,2
DA:31,2
DA:32,2
DA:34,2
DA:35,2
DA:36,2
LF:19
LH:19
BRF:0
BRH:0
FNF:1
FNH:1
end_of_record
SF:C:\Users\ajha1\source\repos\ashishjha1034\WIN.AGDATA.WIN\INFRASTRUCTURE\Data\Configurations\RedemptionConfiguration.cs
FN:11,System.Void WIN.AGDATA.WIN.Infrastructure.Data.Configurations.RedemptionConfiguration::Configure(Microsoft.EntityFrameworkCore.Metadata.Builders.EntityTypeBuilder`1<WIN.AGDATA.WIN.Domain.Entities.Redemptions.Redemption>)
FNDA:2,System.Void WIN.AGDATA.WIN.Infrastructure.Data.Configurations.RedemptionConfiguration::Configure(Microsoft.EntityFrameworkCore.Metadata.Builders.EntityTypeBuilder`1<WIN.AGDATA.WIN.Domain.Entities.Redemptions.Redemption>)
DA:12,2
DA:13,2
DA:15,2
DA:16,2
DA:18,2
DA:19,2
DA:20,2
DA:21,2
DA:22,2
DA:23,2
DA:24,2
DA:25,2
DA:26,2
DA:27,2
DA:29,2
DA:30,2
DA:32,2
DA:33,2
DA:34,2
DA:35,2
DA:37,2
DA:38,2
DA:39,2
DA:40,2
DA:42,2
DA:43,2
DA:44,2
DA:45,2
LF:28
LH:28
BRF:0
BRH:0
FNF:1
FNH:1
end_of_record
SF:C:\Users\ajha1\source\repos\ashishjha1034\WIN.AGDATA.WIN\INFRASTRUCTURE\Data\Configurations\RoleConfiguration.cs
FN:10,System.Void WIN.AGDATA.WIN.Infrastructure.Data.Configurations.RoleConfiguration::Configure(Microsoft.EntityFrameworkCore.Metadata.Builders.EntityTypeBuilder`1<WIN.AGDATA.WIN.Domain.Entities.Users.Role>)
FNDA:2,System.Void WIN.AGDATA.WIN.Infrastructure.Data.Configurations.RoleConfiguration::Configure(Microsoft.EntityFrameworkCore.Metadata.Builders.EntityTypeBuilder`1<WIN.AGDATA.WIN.Domain.Entities.Users.Role>)
DA:11,2
DA:12,2
DA:13,2
DA:14,2
DA:15,2
DA:16,2
DA:17,2
LF:7
LH:7
BRF:0
BRH:0
FNF:1
FNH:1
end_of_record
SF:C:\Users\ajha1\source\repos\ashishjha1034\WIN.AGDATA.WIN\INFRASTRUCTURE\Data\Configurations\UserConfiguration.cs
FN:10,System.Void WIN.AGDATA.WIN.Infrastructure.Data.Configurations.UserConfiguration::Configure(Microsoft.EntityFrameworkCore.Metadata.Builders.EntityTypeBuilder`1<WIN.AGDATA.WIN.Domain.Entities.Users.User>)
FNDA:2,System.Void WIN.AGDATA.WIN.Infrastructure.Data.Configurations.UserConfiguration::Configure(Microsoft.EntityFrameworkCore.Metadata.Builders.EntityTypeBuilder`1<WIN.AGDATA.WIN.Domain.Entities.Users.User>)
DA:11,2
DA:12,2
DA:14,2
DA:15,2
DA:16,2
DA:17,2
DA:18,2
DA:19,2
DA:20,2
DA:21,2
DA:22,2
DA:23,2
DA:24,4
DA:26,2
DA:27,2
DA:28,2
DA:29,2
DA:30,2
DA:31,2
DA:33,2
DA:34,2
DA:35,2
DA:36,2
DA:37,2
DA:38,2
DA:40,2
DA:41,2
DA:42,2
DA:43,2
DA:47,2
DA:48,2
DA:49,2
DA:50,2
DA:51,2
LF:34
LH:34
BRF:0
BRH:0
FNF:1
FNH:1
end_of_record
SF:C:\Users\ajha1\source\repos\ashishjha1034\WIN.AGDATA.WIN\INFRASTRUCTURE\Data\Configurations\UserPointsAccountConfiguration.cs
FN:10,System.Void WIN.AGDATA.WIN.Infrastructure.Data.Configurations.UserPointsAccountConfiguration::Configure(Microsoft.EntityFrameworkCore.Metadata.Builders.EntityTypeBuilder`1<WIN.AGDATA.WIN.Domain.Entities.Users.UserPointsAccount>)
FNDA:2,System.Void WIN.AGDATA.WIN.Infrastructure.Data.Configurations.UserPointsAccountConfiguration::Configure(Microsoft.EntityFrameworkCore.Metadata.Builders.EntityTypeBuilder`1<WIN.AGDATA.WIN.Domain.Entities.Users.UserPointsAccount>)
DA:11,2
DA:12,2
DA:14,2
DA:15,2
DA:16,2
DA:17,2
DA:20,2
DA:21,2
DA:22,2
DA:23,2
DA:24,2
DA:26,2
DA:27,2
DA:28,2
DA:29,2
DA:30,2
DA:32,2
DA:33,2
DA:34,2
DA:35,2
DA:36,2
DA:38,2
DA:39,2
LF:23
LH:23
BRF:0
BRH:0
FNF:1
FNH:1
end_of_record
SF:C:\Users\ajha1\source\repos\ashishjha1034\WIN.AGDATA.WIN\INFRASTRUCTURE\Data\Configurations\UserPointsTransactionConfiguration.cs
FN:10,System.Void WIN.AGDATA.WIN.Infrastructure.Data.Configurations.UserPointsTransactionConfiguration::Configure(Microsoft.EntityFrameworkCore.Metadata.Builders.EntityTypeBuilder`1<WIN.AGDATA.WIN.Domain.Entities.Transactions.UserPointsTransaction>)
FNDA:2,System.Void WIN.AGDATA.WIN.Infrastructure.Data.Configurations.UserPointsTransactionConfiguration::Configure(Microsoft.EntityFrameworkCore.Metadata.Builders.EntityTypeBuilder`1<WIN.AGDATA.WIN.Domain.Entities.Transactions.UserPointsTransaction>)
DA:11,2
DA:12,2
DA:14,2
DA:15,2
DA:16,2
DA:17,2
DA:19,2
DA:20,2
DA:21,2
DA:24,2
DA:25,2
DA:26,2
DA:27,2
DA:28,2
DA:30,2
DA:31,2
DA:32,2
DA:33,2
DA:34,2
DA:36,2
DA:37,2
DA:38,2
LF:22
LH:22
BRF:0
BRH:0
FNF:1
FNH:1
end_of_record
SF:C:\Users\ajha1\source\repos\ashishjha1034\WIN.AGDATA.WIN\INFRASTRUCTURE\Data\Configurations\UserRoleAssignmentConfiguration.cs
FN:9,System.Void WIN.AGDATA.WIN.Infrastructure.Data.Configurations.UserRoleAssignmentConfiguration::Configure(Microsoft.EntityFrameworkCore.Metadata.Builders.EntityTypeBuilder`1<WIN.AGDATA.WIN.Domain.Entities.Users.UserRoleAssignment>)
FNDA:2,System.Void WIN.AGDATA.WIN.Infrastructure.Data.Configurations.UserRoleAssignmentConfiguration::Configure(Microsoft.EntityFrameworkCore.Metadata.Builders.EntityTypeBuilder`1<WIN.AGDATA.WIN.Domain.Entities.Users.UserRoleAssignment>)
DA:10,2
DA:11,2
DA:13,2
DA:14,2
DA:15,2
DA:16,2
DA:18,2
DA:19,2
DA:20,2
DA:21,2
DA:22,2
LF:11
LH:11
BRF:0
BRH:0
FNF:1
FNH:1
end_of_record